{"/home/ivan/Рабочий стол/praktikum/middle.messenger.praktikum.yandex/src/utils/FormValidator.ts": {"path":"/home/ivan/Рабочий стол/praktikum/middle.messenger.praktikum.yandex/src/utils/FormValidator.ts","statementMap":{"0":{"start":{"line":21,"column":4},"end":{"line":21,"column":36}},"1":{"start":{"line":23,"column":4},"end":{"line":23,"column":39}},"2":{"start":{"line":24,"column":4},"end":{"line":24,"column":39}},"3":{"start":{"line":25,"column":4},"end":{"line":25,"column":60}},"4":{"start":{"line":26,"column":4},"end":{"line":26,"column":50}},"5":{"start":{"line":27,"column":4},"end":{"line":27,"column":63}},"6":{"start":{"line":28,"column":4},"end":{"line":28,"column":65}},"7":{"start":{"line":30,"column":4},"end":{"line":30,"column":81}},"8":{"start":{"line":31,"column":4},"end":{"line":31,"column":82}},"9":{"start":{"line":34,"column":15},"end":{"line":41,"column":3}},"10":{"start":{"line":35,"column":25},"end":{"line":35,"column":107}},"11":{"start":{"line":37,"column":4},"end":{"line":37,"column":53}},"12":{"start":{"line":38,"column":4},"end":{"line":38,"column":55}},"13":{"start":{"line":39,"column":4},"end":{"line":39,"column":44}},"14":{"start":{"line":40,"column":4},"end":{"line":40,"column":38}},"15":{"start":{"line":43,"column":15},"end":{"line":50,"column":3}},"16":{"start":{"line":44,"column":25},"end":{"line":44,"column":107}},"17":{"start":{"line":46,"column":4},"end":{"line":46,"column":56}},"18":{"start":{"line":47,"column":4},"end":{"line":47,"column":58}},"19":{"start":{"line":48,"column":4},"end":{"line":48,"column":34}},"20":{"start":{"line":49,"column":4},"end":{"line":49,"column":28}},"21":{"start":{"line":52,"column":24},"end":{"line":58,"column":3}},"22":{"start":{"line":53,"column":4},"end":{"line":57,"column":5}},"23":{"start":{"line":54,"column":6},"end":{"line":54,"column":68}},"24":{"start":{"line":56,"column":6},"end":{"line":56,"column":36}},"25":{"start":{"line":60,"column":21},"end":{"line":64,"column":3}},"26":{"start":{"line":61,"column":4},"end":{"line":63,"column":7}},"27":{"start":{"line":62,"column":6},"end":{"line":62,"column":42}},"28":{"start":{"line":66,"column":19},"end":{"line":71,"column":3}},"29":{"start":{"line":67,"column":4},"end":{"line":70,"column":5}},"30":{"start":{"line":68,"column":6},"end":{"line":68,"column":62}},"31":{"start":{"line":69,"column":6},"end":{"line":69,"column":38}},"32":{"start":{"line":73,"column":18},"end":{"line":78,"column":3}},"33":{"start":{"line":74,"column":4},"end":{"line":77,"column":5}},"34":{"start":{"line":75,"column":6},"end":{"line":75,"column":64}},"35":{"start":{"line":76,"column":6},"end":{"line":76,"column":39}},"36":{"start":{"line":81,"column":4},"end":{"line":81,"column":26}},"37":{"start":{"line":82,"column":4},"end":{"line":84,"column":7}},"38":{"start":{"line":83,"column":6},"end":{"line":83,"column":36}},"39":{"start":{"line":87,"column":22},"end":{"line":93,"column":3}},"40":{"start":{"line":88,"column":4},"end":{"line":92,"column":5}},"41":{"start":{"line":89,"column":6},"end":{"line":89,"column":28}},"42":{"start":{"line":91,"column":6},"end":{"line":91,"column":27}},"43":{"start":{"line":95,"column":23},"end":{"line":104,"column":3}},"44":{"start":{"line":96,"column":4},"end":{"line":96,"column":29}},"45":{"start":{"line":98,"column":4},"end":{"line":103,"column":7}},"46":{"start":{"line":99,"column":6},"end":{"line":102,"column":9}},"47":{"start":{"line":100,"column":8},"end":{"line":100,"column":47}},"48":{"start":{"line":101,"column":8},"end":{"line":101,"column":33}},"49":{"start":{"line":106,"column":26},"end":{"line":114,"column":3}},"50":{"start":{"line":107,"column":4},"end":{"line":107,"column":25}},"51":{"start":{"line":109,"column":4},"end":{"line":113,"column":7}},"52":{"start":{"line":110,"column":6},"end":{"line":112,"column":9}},"53":{"start":{"line":111,"column":8},"end":{"line":111,"column":47}},"54":{"start":{"line":116,"column":21},"end":{"line":118,"column":3}},"55":{"start":{"line":117,"column":4},"end":{"line":117,"column":30}},"56":{"start":{"line":120,"column":22},"end":{"line":122,"column":3}},"57":{"start":{"line":121,"column":4},"end":{"line":121,"column":33}}},"fnMap":{"0":{"name":"(anonymous_0)","decl":{"start":{"line":20,"column":2},"end":{"line":20,"column":3}},"loc":{"start":{"line":20,"column":39},"end":{"line":32,"column":3}},"line":20},"1":{"name":"(anonymous_1)","decl":{"start":{"line":34,"column":15},"end":{"line":34,"column":16}},"loc":{"start":{"line":34,"column":73},"end":{"line":41,"column":3}},"line":34},"2":{"name":"(anonymous_2)","decl":{"start":{"line":43,"column":15},"end":{"line":43,"column":16}},"loc":{"start":{"line":43,"column":51},"end":{"line":50,"column":3}},"line":43},"3":{"name":"(anonymous_3)","decl":{"start":{"line":52,"column":24},"end":{"line":52,"column":25}},"loc":{"start":{"line":52,"column":60},"end":{"line":58,"column":3}},"line":52},"4":{"name":"(anonymous_4)","decl":{"start":{"line":60,"column":21},"end":{"line":60,"column":22}},"loc":{"start":{"line":60,"column":27},"end":{"line":64,"column":3}},"line":60},"5":{"name":"(anonymous_5)","decl":{"start":{"line":61,"column":32},"end":{"line":61,"column":33}},"loc":{"start":{"line":61,"column":50},"end":{"line":63,"column":5}},"line":61},"6":{"name":"(anonymous_6)","decl":{"start":{"line":66,"column":19},"end":{"line":66,"column":20}},"loc":{"start":{"line":66,"column":25},"end":{"line":71,"column":3}},"line":66},"7":{"name":"(anonymous_7)","decl":{"start":{"line":73,"column":18},"end":{"line":73,"column":19}},"loc":{"start":{"line":73,"column":24},"end":{"line":78,"column":3}},"line":73},"8":{"name":"(anonymous_8)","decl":{"start":{"line":80,"column":2},"end":{"line":80,"column":3}},"loc":{"start":{"line":80,"column":20},"end":{"line":85,"column":3}},"line":80},"9":{"name":"(anonymous_9)","decl":{"start":{"line":82,"column":28},"end":{"line":82,"column":29}},"loc":{"start":{"line":82,"column":46},"end":{"line":84,"column":5}},"line":82},"10":{"name":"(anonymous_10)","decl":{"start":{"line":87,"column":22},"end":{"line":87,"column":23}},"loc":{"start":{"line":87,"column":28},"end":{"line":93,"column":3}},"line":87},"11":{"name":"(anonymous_11)","decl":{"start":{"line":95,"column":23},"end":{"line":95,"column":24}},"loc":{"start":{"line":95,"column":29},"end":{"line":104,"column":3}},"line":95},"12":{"name":"(anonymous_12)","decl":{"start":{"line":98,"column":28},"end":{"line":98,"column":29}},"loc":{"start":{"line":98,"column":46},"end":{"line":103,"column":5}},"line":98},"13":{"name":"(anonymous_13)","decl":{"start":{"line":99,"column":44},"end":{"line":99,"column":45}},"loc":{"start":{"line":99,"column":50},"end":{"line":102,"column":7}},"line":99},"14":{"name":"(anonymous_14)","decl":{"start":{"line":106,"column":26},"end":{"line":106,"column":27}},"loc":{"start":{"line":106,"column":32},"end":{"line":114,"column":3}},"line":106},"15":{"name":"(anonymous_15)","decl":{"start":{"line":109,"column":28},"end":{"line":109,"column":29}},"loc":{"start":{"line":109,"column":46},"end":{"line":113,"column":5}},"line":109},"16":{"name":"(anonymous_16)","decl":{"start":{"line":110,"column":47},"end":{"line":110,"column":48}},"loc":{"start":{"line":110,"column":53},"end":{"line":112,"column":7}},"line":110},"17":{"name":"(anonymous_17)","decl":{"start":{"line":116,"column":21},"end":{"line":116,"column":22}},"loc":{"start":{"line":116,"column":27},"end":{"line":118,"column":3}},"line":116},"18":{"name":"(anonymous_18)","decl":{"start":{"line":120,"column":22},"end":{"line":120,"column":23}},"loc":{"start":{"line":120,"column":28},"end":{"line":122,"column":3}},"line":120}},"branchMap":{"0":{"loc":{"start":{"line":53,"column":4},"end":{"line":57,"column":5}},"type":"if","locations":[{"start":{"line":53,"column":4},"end":{"line":57,"column":5}},{"start":{"line":55,"column":11},"end":{"line":57,"column":5}}],"line":53},"1":{"loc":{"start":{"line":67,"column":4},"end":{"line":70,"column":5}},"type":"if","locations":[{"start":{"line":67,"column":4},"end":{"line":70,"column":5}},{"start":{},"end":{}}],"line":67},"2":{"loc":{"start":{"line":74,"column":4},"end":{"line":77,"column":5}},"type":"if","locations":[{"start":{"line":74,"column":4},"end":{"line":77,"column":5}},{"start":{},"end":{}}],"line":74},"3":{"loc":{"start":{"line":88,"column":4},"end":{"line":92,"column":5}},"type":"if","locations":[{"start":{"line":88,"column":4},"end":{"line":92,"column":5}},{"start":{"line":90,"column":11},"end":{"line":92,"column":5}}],"line":88}},"s":{"0":0,"1":0,"2":0,"3":0,"4":0,"5":0,"6":0,"7":0,"8":0,"9":0,"10":0,"11":0,"12":0,"13":0,"14":0,"15":0,"16":0,"17":0,"18":0,"19":0,"20":0,"21":0,"22":0,"23":0,"24":0,"25":0,"26":0,"27":0,"28":0,"29":0,"30":0,"31":0,"32":0,"33":0,"34":0,"35":0,"36":0,"37":0,"38":0,"39":0,"40":0,"41":0,"42":0,"43":0,"44":0,"45":0,"46":0,"47":0,"48":0,"49":0,"50":0,"51":0,"52":0,"53":0,"54":0,"55":0,"56":0,"57":0},"f":{"0":0,"1":0,"2":0,"3":0,"4":0,"5":0,"6":0,"7":0,"8":0,"9":0,"10":0,"11":0,"12":0,"13":0,"14":0,"15":0,"16":0,"17":0,"18":0},"b":{"0":[0,0],"1":[0,0],"2":[0,0],"3":[0,0]},"_coverageSchema":"1a1c01bbd47fc00a2c39e90264f33305004495a9","hash":"dcbefee4eb3edcf997373bec29186ae251b869f3"}
,"/home/ivan/Рабочий стол/praktikum/middle.messenger.praktikum.yandex/src/utils/Route.ts": {"path":"/home/ivan/Рабочий стол/praktikum/middle.messenger.praktikum.yandex/src/utils/Route.ts","statementMap":{"0":{"start":{"line":17,"column":4},"end":{"line":17,"column":30}},"1":{"start":{"line":18,"column":4},"end":{"line":18,"column":24}},"2":{"start":{"line":19,"column":4},"end":{"line":19,"column":24}},"3":{"start":{"line":23,"column":4},"end":{"line":26,"column":5}},"4":{"start":{"line":24,"column":6},"end":{"line":24,"column":32}},"5":{"start":{"line":25,"column":6},"end":{"line":25,"column":20}},"6":{"start":{"line":30,"column":4},"end":{"line":32,"column":5}},"7":{"start":{"line":31,"column":6},"end":{"line":31,"column":41}},"8":{"start":{"line":36,"column":4},"end":{"line":36,"column":50}},"9":{"start":{"line":40,"column":4},"end":{"line":44,"column":5}},"10":{"start":{"line":41,"column":6},"end":{"line":41,"column":34}},"11":{"start":{"line":43,"column":6},"end":{"line":43,"column":13}}},"fnMap":{"0":{"name":"(anonymous_0)","decl":{"start":{"line":16,"column":2},"end":{"line":16,"column":3}},"loc":{"start":{"line":16,"column":54},"end":{"line":20,"column":3}},"line":16},"1":{"name":"(anonymous_1)","decl":{"start":{"line":22,"column":2},"end":{"line":22,"column":3}},"loc":{"start":{"line":22,"column":35},"end":{"line":27,"column":3}},"line":22},"2":{"name":"(anonymous_2)","decl":{"start":{"line":29,"column":2},"end":{"line":29,"column":3}},"loc":{"start":{"line":29,"column":10},"end":{"line":33,"column":3}},"line":29},"3":{"name":"(anonymous_3)","decl":{"start":{"line":35,"column":2},"end":{"line":35,"column":3}},"loc":{"start":{"line":35,"column":35},"end":{"line":37,"column":3}},"line":35},"4":{"name":"(anonymous_4)","decl":{"start":{"line":39,"column":2},"end":{"line":39,"column":3}},"loc":{"start":{"line":39,"column":11},"end":{"line":45,"column":3}},"line":39}},"branchMap":{"0":{"loc":{"start":{"line":23,"column":4},"end":{"line":26,"column":5}},"type":"if","locations":[{"start":{"line":23,"column":4},"end":{"line":26,"column":5}},{"start":{},"end":{}}],"line":23},"1":{"loc":{"start":{"line":30,"column":4},"end":{"line":32,"column":5}},"type":"if","locations":[{"start":{"line":30,"column":4},"end":{"line":32,"column":5}},{"start":{},"end":{}}],"line":30},"2":{"loc":{"start":{"line":40,"column":4},"end":{"line":44,"column":5}},"type":"if","locations":[{"start":{"line":40,"column":4},"end":{"line":44,"column":5}},{"start":{},"end":{}}],"line":40}},"s":{"0":0,"1":0,"2":0,"3":0,"4":0,"5":0,"6":0,"7":0,"8":0,"9":0,"10":0,"11":0},"f":{"0":0,"1":0,"2":0,"3":0,"4":0},"b":{"0":[0,0],"1":[0,0],"2":[0,0]},"_coverageSchema":"1a1c01bbd47fc00a2c39e90264f33305004495a9","hash":"be87493a566ca7039672eee94c75706a5a3c0e3c"}
,"/home/ivan/Рабочий стол/praktikum/middle.messenger.praktikum.yandex/src/utils/Router.ts": {"path":"/home/ivan/Рабочий стол/praktikum/middle.messenger.praktikum.yandex/src/utils/Router.ts","statementMap":{"0":{"start":{"line":6,"column":30},"end":{"line":6,"column":42}},"1":{"start":{"line":8,"column":20},"end":{"line":8,"column":22}},"2":{"start":{"line":9,"column":21},"end":{"line":9,"column":35}},"3":{"start":{"line":10,"column":31},"end":{"line":10,"column":35}},"4":{"start":{"line":13,"column":4},"end":{"line":15,"column":5}},"5":{"start":{"line":14,"column":6},"end":{"line":14,"column":31}},"6":{"start":{"line":17,"column":4},"end":{"line":17,"column":21}},"7":{"start":{"line":18,"column":4},"end":{"line":18,"column":34}},"8":{"start":{"line":19,"column":4},"end":{"line":19,"column":29}},"9":{"start":{"line":21,"column":4},"end":{"line":21,"column":29}},"10":{"start":{"line":25,"column":18},"end":{"line":25,"column":48}},"11":{"start":{"line":26,"column":4},"end":{"line":26,"column":28}},"12":{"start":{"line":27,"column":4},"end":{"line":27,"column":16}},"13":{"start":{"line":31,"column":4},"end":{"line":34,"column":18}},"14":{"start":{"line":32,"column":21},"end":{"line":32,"column":50}},"15":{"start":{"line":33,"column":6},"end":{"line":33,"column":46}},"16":{"start":{"line":36,"column":4},"end":{"line":36,"column":44}},"17":{"start":{"line":40,"column":16},"end":{"line":40,"column":39}},"18":{"start":{"line":42,"column":4},"end":{"line":52,"column":5}},"19":{"start":{"line":43,"column":6},"end":{"line":43,"column":36}},"20":{"start":{"line":44,"column":6},"end":{"line":44,"column":33}},"21":{"start":{"line":45,"column":6},"end":{"line":45,"column":31}},"22":{"start":{"line":46,"column":11},"end":{"line":52,"column":5}},"23":{"start":{"line":47,"column":6},"end":{"line":47,"column":42}},"24":{"start":{"line":48,"column":6},"end":{"line":48,"column":51}},"25":{"start":{"line":49,"column":11},"end":{"line":52,"column":5}},"26":{"start":{"line":50,"column":6},"end":{"line":50,"column":33}},"27":{"start":{"line":51,"column":6},"end":{"line":51,"column":47}},"28":{"start":{"line":54,"column":4},"end":{"line":56,"column":5}},"29":{"start":{"line":55,"column":6},"end":{"line":55,"column":32}},"30":{"start":{"line":58,"column":4},"end":{"line":61,"column":5}},"31":{"start":{"line":59,"column":6},"end":{"line":59,"column":21}},"32":{"start":{"line":60,"column":6},"end":{"line":60,"column":32}},"33":{"start":{"line":65,"column":4},"end":{"line":65,"column":45}},"34":{"start":{"line":66,"column":4},"end":{"line":66,"column":28}},"35":{"start":{"line":70,"column":4},"end":{"line":70,"column":24}},"36":{"start":{"line":74,"column":4},"end":{"line":74,"column":27}},"37":{"start":{"line":78,"column":4},"end":{"line":78,"column":62}},"38":{"start":{"line":78,"column":39},"end":{"line":78,"column":60}},"39":{"start":{"line":82,"column":22},"end":{"line":82,"column":34}}},"fnMap":{"0":{"name":"(anonymous_0)","decl":{"start":{"line":12,"column":2},"end":{"line":12,"column":3}},"loc":{"start":{"line":12,"column":16},"end":{"line":22,"column":3}},"line":12},"1":{"name":"(anonymous_1)","decl":{"start":{"line":24,"column":2},"end":{"line":24,"column":3}},"loc":{"start":{"line":24,"column":38},"end":{"line":28,"column":3}},"line":24},"2":{"name":"(anonymous_2)","decl":{"start":{"line":30,"column":2},"end":{"line":30,"column":3}},"loc":{"start":{"line":30,"column":10},"end":{"line":37,"column":3}},"line":30},"3":{"name":"(anonymous_3)","decl":{"start":{"line":31,"column":25},"end":{"line":31,"column":26}},"loc":{"start":{"line":31,"column":51},"end":{"line":34,"column":5}},"line":31},"4":{"name":"(anonymous_4)","decl":{"start":{"line":39,"column":2},"end":{"line":39,"column":3}},"loc":{"start":{"line":39,"column":29},"end":{"line":62,"column":3}},"line":39},"5":{"name":"(anonymous_5)","decl":{"start":{"line":64,"column":2},"end":{"line":64,"column":3}},"loc":{"start":{"line":64,"column":23},"end":{"line":67,"column":3}},"line":64},"6":{"name":"(anonymous_6)","decl":{"start":{"line":69,"column":2},"end":{"line":69,"column":3}},"loc":{"start":{"line":69,"column":9},"end":{"line":71,"column":3}},"line":69},"7":{"name":"(anonymous_7)","decl":{"start":{"line":73,"column":2},"end":{"line":73,"column":3}},"loc":{"start":{"line":73,"column":12},"end":{"line":75,"column":3}},"line":73},"8":{"name":"(anonymous_8)","decl":{"start":{"line":77,"column":2},"end":{"line":77,"column":3}},"loc":{"start":{"line":77,"column":29},"end":{"line":79,"column":3}},"line":77},"9":{"name":"(anonymous_9)","decl":{"start":{"line":78,"column":28},"end":{"line":78,"column":29}},"loc":{"start":{"line":78,"column":39},"end":{"line":78,"column":60}},"line":78}},"branchMap":{"0":{"loc":{"start":{"line":13,"column":4},"end":{"line":15,"column":5}},"type":"if","locations":[{"start":{"line":13,"column":4},"end":{"line":15,"column":5}},{"start":{},"end":{}}],"line":13},"1":{"loc":{"start":{"line":42,"column":4},"end":{"line":52,"column":5}},"type":"if","locations":[{"start":{"line":42,"column":4},"end":{"line":52,"column":5}},{"start":{"line":46,"column":11},"end":{"line":52,"column":5}}],"line":42},"2":{"loc":{"start":{"line":46,"column":11},"end":{"line":52,"column":5}},"type":"if","locations":[{"start":{"line":46,"column":11},"end":{"line":52,"column":5}},{"start":{"line":49,"column":11},"end":{"line":52,"column":5}}],"line":46},"3":{"loc":{"start":{"line":46,"column":15},"end":{"line":46,"column":71}},"type":"binary-expr","locations":[{"start":{"line":46,"column":15},"end":{"line":46,"column":38}},{"start":{"line":46,"column":42},"end":{"line":46,"column":71}}],"line":46},"4":{"loc":{"start":{"line":49,"column":11},"end":{"line":52,"column":5}},"type":"if","locations":[{"start":{"line":49,"column":11},"end":{"line":52,"column":5}},{"start":{},"end":{}}],"line":49},"5":{"loc":{"start":{"line":49,"column":15},"end":{"line":49,"column":79}},"type":"binary-expr","locations":[{"start":{"line":49,"column":15},"end":{"line":49,"column":45}},{"start":{"line":49,"column":49},"end":{"line":49,"column":79}}],"line":49},"6":{"loc":{"start":{"line":54,"column":4},"end":{"line":56,"column":5}},"type":"if","locations":[{"start":{"line":54,"column":4},"end":{"line":56,"column":5}},{"start":{},"end":{}}],"line":54},"7":{"loc":{"start":{"line":54,"column":8},"end":{"line":54,"column":56}},"type":"binary-expr","locations":[{"start":{"line":54,"column":8},"end":{"line":54,"column":25}},{"start":{"line":54,"column":29},"end":{"line":54,"column":56}}],"line":54},"8":{"loc":{"start":{"line":58,"column":4},"end":{"line":61,"column":5}},"type":"if","locations":[{"start":{"line":58,"column":4},"end":{"line":61,"column":5}},{"start":{},"end":{}}],"line":58}},"s":{"0":1,"1":2,"2":2,"3":2,"4":2,"5":1,"6":1,"7":1,"8":1,"9":1,"10":0,"11":0,"12":0,"13":0,"14":0,"15":0,"16":0,"17":3,"18":3,"19":3,"20":3,"21":3,"22":0,"23":0,"24":0,"25":0,"26":0,"27":0,"28":3,"29":0,"30":3,"31":0,"32":0,"33":3,"34":3,"35":0,"36":0,"37":6,"38":0,"39":1},"f":{"0":2,"1":0,"2":0,"3":0,"4":3,"5":3,"6":0,"7":0,"8":6,"9":0},"b":{"0":[1,1],"1":[3,0],"2":[0,0],"3":[0,0],"4":[0,0],"5":[0,0],"6":[0,3],"7":[3,0],"8":[0,3]},"_coverageSchema":"1a1c01bbd47fc00a2c39e90264f33305004495a9","hash":"4bec5046084b12ba67753738f2ceb1bd437e1031"}
,"/home/ivan/Рабочий стол/praktikum/middle.messenger.praktikum.yandex/src/utils/constants.ts": {"path":"/home/ivan/Рабочий стол/praktikum/middle.messenger.praktikum.yandex/src/utils/constants.ts","statementMap":{"0":{"start":{"line":4,"column":32},"end":{"line":4,"column":86}},"1":{"start":{"line":5,"column":29},"end":{"line":5,"column":72}},"2":{"start":{"line":6,"column":29},"end":{"line":6,"column":58}},"3":{"start":{"line":7,"column":28},"end":{"line":7,"column":54}},"4":{"start":{"line":8,"column":29},"end":{"line":8,"column":53}},"5":{"start":{"line":10,"column":24},"end":{"line":10,"column":58}},"6":{"start":{"line":11,"column":23},"end":{"line":11,"column":25}},"7":{"start":{"line":13,"column":28},"end":{"line":13,"column":53}},"8":{"start":{"line":14,"column":29},"end":{"line":14,"column":39}},"9":{"start":{"line":16,"column":23},"end":{"line":24,"column":1}},"10":{"start":{"line":26,"column":62},"end":{"line":35,"column":1}},"11":{"start":{"line":37,"column":24},"end":{"line":53,"column":1}},"12":{"start":{"line":55,"column":27},"end":{"line":82,"column":1}},"13":{"start":{"line":105,"column":29},"end":{"line":113,"column":1}},"14":{"start":{"line":115,"column":26},"end":{"line":126,"column":1}}},"fnMap":{},"branchMap":{},"s":{"0":3,"1":3,"2":3,"3":3,"4":3,"5":3,"6":3,"7":3,"8":3,"9":3,"10":3,"11":3,"12":3,"13":3,"14":3},"f":{},"b":{},"_coverageSchema":"1a1c01bbd47fc00a2c39e90264f33305004495a9","hash":"095377a1686f91e074486808feaf0a263209a512"}
,"/home/ivan/Рабочий стол/praktikum/middle.messenger.praktikum.yandex/src/utils/helpers.ts": {"path":"/home/ivan/Рабочий стол/praktikum/middle.messenger.praktikum.yandex/src/utils/helpers.ts","statementMap":{"0":{"start":{"line":6,"column":2},"end":{"line":6,"column":21}},"1":{"start":{"line":10,"column":2},"end":{"line":10,"column":30}},"2":{"start":{"line":18,"column":2},"end":{"line":21,"column":67}},"3":{"start":{"line":25,"column":2},"end":{"line":25,"column":48}},"4":{"start":{"line":29,"column":2},"end":{"line":49,"column":3}},"5":{"start":{"line":30,"column":4},"end":{"line":32,"column":5}},"6":{"start":{"line":31,"column":6},"end":{"line":31,"column":19}},"7":{"start":{"line":34,"column":4},"end":{"line":48,"column":5}},"8":{"start":{"line":35,"column":25},"end":{"line":35,"column":44}},"9":{"start":{"line":37,"column":6},"end":{"line":43,"column":7}},"10":{"start":{"line":38,"column":8},"end":{"line":40,"column":9}},"11":{"start":{"line":39,"column":10},"end":{"line":39,"column":19}},"12":{"start":{"line":42,"column":8},"end":{"line":42,"column":21}},"13":{"start":{"line":45,"column":6},"end":{"line":47,"column":7}},"14":{"start":{"line":46,"column":8},"end":{"line":46,"column":21}},"15":{"start":{"line":51,"column":2},"end":{"line":51,"column":14}},"16":{"start":{"line":55,"column":2},"end":{"line":69,"column":3}},"17":{"start":{"line":56,"column":4},"end":{"line":58,"column":5}},"18":{"start":{"line":57,"column":6},"end":{"line":57,"column":15}},"19":{"start":{"line":60,"column":4},"end":{"line":68,"column":5}},"20":{"start":{"line":61,"column":6},"end":{"line":65,"column":7}},"21":{"start":{"line":62,"column":8},"end":{"line":62,"column":69}},"22":{"start":{"line":64,"column":8},"end":{"line":64,"column":24}},"23":{"start":{"line":67,"column":6},"end":{"line":67,"column":22}},"24":{"start":{"line":71,"column":2},"end":{"line":71,"column":13}},"25":{"start":{"line":75,"column":2},"end":{"line":77,"column":3}},"26":{"start":{"line":76,"column":4},"end":{"line":76,"column":18}},"27":{"start":{"line":79,"column":2},"end":{"line":81,"column":3}},"28":{"start":{"line":80,"column":4},"end":{"line":80,"column":43}},"29":{"start":{"line":83,"column":17},"end":{"line":85,"column":39}},"30":{"start":{"line":83,"column":69},"end":{"line":85,"column":3}},"31":{"start":{"line":87,"column":2},"end":{"line":87,"column":42}}},"fnMap":{"0":{"name":"isEqualValue","decl":{"start":{"line":5,"column":16},"end":{"line":5,"column":28}},"loc":{"start":{"line":5,"column":57},"end":{"line":7,"column":1}},"line":5},"1":{"name":"isArray","decl":{"start":{"line":9,"column":9},"end":{"line":9,"column":16}},"loc":{"start":{"line":9,"column":46},"end":{"line":11,"column":1}},"line":9},"2":{"name":"isPlainObject","decl":{"start":{"line":17,"column":9},"end":{"line":17,"column":22}},"loc":{"start":{"line":17,"column":61},"end":{"line":22,"column":1}},"line":17},"3":{"name":"isArrayOrObject","decl":{"start":{"line":24,"column":9},"end":{"line":24,"column":24}},"loc":{"start":{"line":24,"column":70},"end":{"line":26,"column":1}},"line":24},"4":{"name":"isEqual","decl":{"start":{"line":28,"column":16},"end":{"line":28,"column":23}},"loc":{"start":{"line":28,"column":43},"end":{"line":52,"column":1}},"line":28},"5":{"name":"merge","decl":{"start":{"line":54,"column":16},"end":{"line":54,"column":21}},"loc":{"start":{"line":54,"column":71},"end":{"line":72,"column":1}},"line":54},"6":{"name":"set","decl":{"start":{"line":74,"column":16},"end":{"line":74,"column":19}},"loc":{"start":{"line":74,"column":96},"end":{"line":88,"column":1}},"line":74},"7":{"name":"(anonymous_7)","decl":{"start":{"line":83,"column":54},"end":{"line":83,"column":55}},"loc":{"start":{"line":83,"column":69},"end":{"line":85,"column":3}},"line":83}},"branchMap":{"0":{"loc":{"start":{"line":18,"column":9},"end":{"line":21,"column":66}},"type":"binary-expr","locations":[{"start":{"line":18,"column":9},"end":{"line":18,"column":34}},{"start":{"line":19,"column":7},"end":{"line":19,"column":21}},{"start":{"line":20,"column":7},"end":{"line":20,"column":35}},{"start":{"line":21,"column":7},"end":{"line":21,"column":66}}],"line":18},"1":{"loc":{"start":{"line":25,"column":9},"end":{"line":25,"column":47}},"type":"binary-expr","locations":[{"start":{"line":25,"column":9},"end":{"line":25,"column":29}},{"start":{"line":25,"column":33},"end":{"line":25,"column":47}}],"line":25},"2":{"loc":{"start":{"line":29,"column":2},"end":{"line":49,"column":3}},"type":"if","locations":[{"start":{"line":29,"column":2},"end":{"line":49,"column":3}},{"start":{},"end":{}}],"line":29},"3":{"loc":{"start":{"line":29,"column":6},"end":{"line":29,"column":50}},"type":"binary-expr","locations":[{"start":{"line":29,"column":6},"end":{"line":29,"column":26}},{"start":{"line":29,"column":30},"end":{"line":29,"column":50}}],"line":29},"4":{"loc":{"start":{"line":30,"column":4},"end":{"line":32,"column":5}},"type":"if","locations":[{"start":{"line":30,"column":4},"end":{"line":32,"column":5}},{"start":{},"end":{}}],"line":30},"5":{"loc":{"start":{"line":37,"column":6},"end":{"line":43,"column":7}},"type":"if","locations":[{"start":{"line":37,"column":6},"end":{"line":43,"column":7}},{"start":{},"end":{}}],"line":37},"6":{"loc":{"start":{"line":37,"column":10},"end":{"line":37,"column":63}},"type":"binary-expr","locations":[{"start":{"line":37,"column":10},"end":{"line":37,"column":32}},{"start":{"line":37,"column":36},"end":{"line":37,"column":63}}],"line":37},"7":{"loc":{"start":{"line":38,"column":8},"end":{"line":40,"column":9}},"type":"if","locations":[{"start":{"line":38,"column":8},"end":{"line":40,"column":9}},{"start":{},"end":{}}],"line":38},"8":{"loc":{"start":{"line":45,"column":6},"end":{"line":47,"column":7}},"type":"if","locations":[{"start":{"line":45,"column":6},"end":{"line":47,"column":7}},{"start":{},"end":{}}],"line":45},"9":{"loc":{"start":{"line":56,"column":4},"end":{"line":58,"column":5}},"type":"if","locations":[{"start":{"line":56,"column":4},"end":{"line":58,"column":5}},{"start":{},"end":{}}],"line":56},"10":{"loc":{"start":{"line":61,"column":6},"end":{"line":65,"column":7}},"type":"if","locations":[{"start":{"line":61,"column":6},"end":{"line":65,"column":7}},{"start":{"line":63,"column":13},"end":{"line":65,"column":7}}],"line":61},"11":{"loc":{"start":{"line":75,"column":2},"end":{"line":77,"column":3}},"type":"if","locations":[{"start":{"line":75,"column":2},"end":{"line":77,"column":3}},{"start":{},"end":{}}],"line":75},"12":{"loc":{"start":{"line":75,"column":6},"end":{"line":75,"column":51}},"type":"binary-expr","locations":[{"start":{"line":75,"column":6},"end":{"line":75,"column":32}},{"start":{"line":75,"column":36},"end":{"line":75,"column":51}}],"line":75},"13":{"loc":{"start":{"line":79,"column":2},"end":{"line":81,"column":3}},"type":"if","locations":[{"start":{"line":79,"column":2},"end":{"line":81,"column":3}},{"start":{},"end":{}}],"line":79}},"s":{"0":0,"1":0,"2":0,"3":0,"4":0,"5":0,"6":0,"7":0,"8":0,"9":0,"10":0,"11":0,"12":0,"13":0,"14":0,"15":0,"16":0,"17":0,"18":0,"19":0,"20":0,"21":0,"22":0,"23":0,"24":0,"25":0,"26":0,"27":0,"28":0,"29":0,"30":0,"31":0},"f":{"0":0,"1":0,"2":0,"3":0,"4":0,"5":0,"6":0,"7":0},"b":{"0":[0,0,0,0],"1":[0,0],"2":[0,0],"3":[0,0],"4":[0,0],"5":[0,0],"6":[0,0],"7":[0,0],"8":[0,0],"9":[0,0],"10":[0,0],"11":[0,0],"12":[0,0],"13":[0,0]},"_coverageSchema":"1a1c01bbd47fc00a2c39e90264f33305004495a9","hash":"cd409faec3d5bb92ec3f6fe5ca94a6fbe6ab19d2"}
,"/home/ivan/Рабочий стол/praktikum/middle.messenger.praktikum.yandex/src/utils/render.ts": {"path":"/home/ivan/Рабочий стол/praktikum/middle.messenger.praktikum.yandex/src/utils/render.ts","statementMap":{"0":{"start":{"line":4,"column":15},"end":{"line":4,"column":44}},"1":{"start":{"line":6,"column":2},"end":{"line":6,"column":55}},"2":{"start":{"line":7,"column":2},"end":{"line":7,"column":36}},"3":{"start":{"line":9,"column":2},"end":{"line":9,"column":14}}},"fnMap":{"0":{"name":"render","decl":{"start":{"line":3,"column":24},"end":{"line":3,"column":30}},"loc":{"start":{"line":3,"column":60},"end":{"line":10,"column":1}},"line":3}},"branchMap":{},"s":{"0":0,"1":0,"2":0,"3":0},"f":{"0":0},"b":{},"_coverageSchema":"1a1c01bbd47fc00a2c39e90264f33305004495a9","hash":"76c4e6d9257bdbb39f3740a11e3faa202a66649e"}
,"/home/ivan/Рабочий стол/praktikum/middle.messenger.praktikum.yandex/src/utils/Api/AuthApi.ts": {"path":"/home/ivan/Рабочий стол/praktikum/middle.messenger.praktikum.yandex/src/utils/Api/AuthApi.ts","statementMap":{"0":{"start":{"line":6,"column":4},"end":{"line":10,"column":7}},"1":{"start":{"line":14,"column":4},"end":{"line":14,"column":48}},"2":{"start":{"line":18,"column":4},"end":{"line":18,"column":48}},"3":{"start":{"line":22,"column":4},"end":{"line":22,"column":39}},"4":{"start":{"line":26,"column":4},"end":{"line":26,"column":42}},"5":{"start":{"line":30,"column":23},"end":{"line":30,"column":36}}},"fnMap":{"0":{"name":"(anonymous_0)","decl":{"start":{"line":5,"column":2},"end":{"line":5,"column":3}},"loc":{"start":{"line":5,"column":16},"end":{"line":11,"column":3}},"line":5},"1":{"name":"(anonymous_1)","decl":{"start":{"line":13,"column":2},"end":{"line":13,"column":3}},"loc":{"start":{"line":13,"column":36},"end":{"line":15,"column":3}},"line":13},"2":{"name":"(anonymous_2)","decl":{"start":{"line":17,"column":2},"end":{"line":17,"column":3}},"loc":{"start":{"line":17,"column":36},"end":{"line":19,"column":3}},"line":17},"3":{"name":"(anonymous_3)","decl":{"start":{"line":21,"column":2},"end":{"line":21,"column":3}},"loc":{"start":{"line":21,"column":19},"end":{"line":23,"column":3}},"line":21},"4":{"name":"(anonymous_4)","decl":{"start":{"line":25,"column":2},"end":{"line":25,"column":3}},"loc":{"start":{"line":25,"column":18},"end":{"line":27,"column":3}},"line":25}},"branchMap":{},"s":{"0":1,"1":0,"2":0,"3":1,"4":0,"5":1},"f":{"0":1,"1":0,"2":0,"3":1,"4":0},"b":{},"_coverageSchema":"1a1c01bbd47fc00a2c39e90264f33305004495a9","hash":"7d3565b395eacbbbe57140883c85304341ac3b02"}
,"/home/ivan/Рабочий стол/praktikum/middle.messenger.praktikum.yandex/src/utils/Api/BaseApi.ts": {"path":"/home/ivan/Рабочий стол/praktikum/middle.messenger.praktikum.yandex/src/utils/Api/BaseApi.ts","statementMap":{"0":{"start":{"line":37,"column":4},"end":{"line":37,"column":28}},"1":{"start":{"line":38,"column":4},"end":{"line":38,"column":30}},"2":{"start":{"line":39,"column":4},"end":{"line":39,"column":28}},"3":{"start":{"line":40,"column":4},"end":{"line":40,"column":46}},"4":{"start":{"line":44,"column":4},"end":{"line":81,"column":6}},"5":{"start":{"line":45,"column":18},"end":{"line":45,"column":38}},"6":{"start":{"line":47,"column":6},"end":{"line":47,"column":33}},"7":{"start":{"line":48,"column":6},"end":{"line":48,"column":46}},"8":{"start":{"line":49,"column":6},"end":{"line":49,"column":32}},"9":{"start":{"line":51,"column":6},"end":{"line":53,"column":7}},"10":{"start":{"line":52,"column":8},"end":{"line":52,"column":30}},"11":{"start":{"line":55,"column":6},"end":{"line":59,"column":7}},"12":{"start":{"line":56,"column":8},"end":{"line":58,"column":9}},"13":{"start":{"line":57,"column":10},"end":{"line":57,"column":56}},"14":{"start":{"line":61,"column":6},"end":{"line":67,"column":8}},"15":{"start":{"line":62,"column":8},"end":{"line":66,"column":9}},"16":{"start":{"line":63,"column":10},"end":{"line":63,"column":32}},"17":{"start":{"line":65,"column":10},"end":{"line":65,"column":65}},"18":{"start":{"line":69,"column":6},"end":{"line":71,"column":8}},"19":{"start":{"line":70,"column":8},"end":{"line":70,"column":62}},"20":{"start":{"line":73,"column":6},"end":{"line":80,"column":7}},"21":{"start":{"line":74,"column":8},"end":{"line":76,"column":9}},"22":{"start":{"line":75,"column":10},"end":{"line":75,"column":82}},"23":{"start":{"line":77,"column":8},"end":{"line":77,"column":23}},"24":{"start":{"line":79,"column":8},"end":{"line":79,"column":19}},"25":{"start":{"line":85,"column":4},"end":{"line":85,"column":55}},"26":{"start":{"line":89,"column":4},"end":{"line":89,"column":62}},"27":{"start":{"line":93,"column":4},"end":{"line":93,"column":61}},"28":{"start":{"line":97,"column":4},"end":{"line":97,"column":64}},"29":{"start":{"line":101,"column":19},"end":{"line":104,"column":2}}},"fnMap":{"0":{"name":"(anonymous_0)","decl":{"start":{"line":36,"column":2},"end":{"line":36,"column":3}},"loc":{"start":{"line":36,"column":60},"end":{"line":41,"column":3}},"line":36},"1":{"name":"(anonymous_1)","decl":{"start":{"line":43,"column":2},"end":{"line":43,"column":3}},"loc":{"start":{"line":43,"column":67},"end":{"line":82,"column":3}},"line":43},"2":{"name":"(anonymous_2)","decl":{"start":{"line":44,"column":23},"end":{"line":44,"column":24}},"loc":{"start":{"line":44,"column":44},"end":{"line":81,"column":5}},"line":44},"3":{"name":"(anonymous_3)","decl":{"start":{"line":61,"column":19},"end":{"line":61,"column":20}},"loc":{"start":{"line":61,"column":25},"end":{"line":67,"column":7}},"line":61},"4":{"name":"(anonymous_4)","decl":{"start":{"line":69,"column":20},"end":{"line":69,"column":21}},"loc":{"start":{"line":69,"column":26},"end":{"line":71,"column":7}},"line":69},"5":{"name":"(anonymous_5)","decl":{"start":{"line":84,"column":2},"end":{"line":84,"column":3}},"loc":{"start":{"line":84,"column":33},"end":{"line":86,"column":3}},"line":84},"6":{"name":"(anonymous_6)","decl":{"start":{"line":88,"column":2},"end":{"line":88,"column":3}},"loc":{"start":{"line":88,"column":40},"end":{"line":90,"column":3}},"line":88},"7":{"name":"(anonymous_7)","decl":{"start":{"line":92,"column":2},"end":{"line":92,"column":3}},"loc":{"start":{"line":92,"column":39},"end":{"line":94,"column":3}},"line":92},"8":{"name":"(anonymous_8)","decl":{"start":{"line":96,"column":2},"end":{"line":96,"column":3}},"loc":{"start":{"line":96,"column":42},"end":{"line":98,"column":3}},"line":96}},"branchMap":{"0":{"loc":{"start":{"line":36,"column":34},"end":{"line":36,"column":47}},"type":"default-arg","locations":[{"start":{"line":36,"column":45},"end":{"line":36,"column":47}}],"line":36},"1":{"loc":{"start":{"line":43,"column":27},"end":{"line":43,"column":36}},"type":"default-arg","locations":[{"start":{"line":43,"column":34},"end":{"line":43,"column":36}}],"line":43},"2":{"loc":{"start":{"line":51,"column":6},"end":{"line":53,"column":7}},"type":"if","locations":[{"start":{"line":51,"column":6},"end":{"line":53,"column":7}},{"start":{},"end":{}}],"line":51},"3":{"loc":{"start":{"line":55,"column":6},"end":{"line":59,"column":7}},"type":"if","locations":[{"start":{"line":55,"column":6},"end":{"line":59,"column":7}},{"start":{},"end":{}}],"line":55},"4":{"loc":{"start":{"line":62,"column":8},"end":{"line":66,"column":9}},"type":"if","locations":[{"start":{"line":62,"column":8},"end":{"line":66,"column":9}},{"start":{"line":64,"column":15},"end":{"line":66,"column":9}}],"line":62},"5":{"loc":{"start":{"line":73,"column":6},"end":{"line":80,"column":7}},"type":"if","locations":[{"start":{"line":73,"column":6},"end":{"line":80,"column":7}},{"start":{"line":78,"column":13},"end":{"line":80,"column":7}}],"line":73},"6":{"loc":{"start":{"line":73,"column":10},"end":{"line":73,"column":40}},"type":"binary-expr","locations":[{"start":{"line":73,"column":10},"end":{"line":73,"column":32}},{"start":{"line":73,"column":36},"end":{"line":73,"column":40}}],"line":73},"7":{"loc":{"start":{"line":74,"column":8},"end":{"line":76,"column":9}},"type":"if","locations":[{"start":{"line":74,"column":8},"end":{"line":76,"column":9}},{"start":{},"end":{}}],"line":74}},"s":{"0":2,"1":2,"2":2,"3":2,"4":1,"5":1,"6":1,"7":1,"8":1,"9":1,"10":0,"11":1,"12":1,"13":0,"14":1,"15":1,"16":0,"17":1,"18":1,"19":0,"20":1,"21":0,"22":0,"23":0,"24":1,"25":1,"26":0,"27":0,"28":0,"29":1},"f":{"0":2,"1":1,"2":1,"3":1,"4":0,"5":1,"6":0,"7":0,"8":0},"b":{"0":[1],"1":[0],"2":[0,1],"3":[1,0],"4":[0,1],"5":[0,1],"6":[1,0],"7":[0,0]},"_coverageSchema":"1a1c01bbd47fc00a2c39e90264f33305004495a9","hash":"32fc9be0daf0f0b21a24fc16087a4bb157bf5778"}
,"/home/ivan/Рабочий стол/praktikum/middle.messenger.praktikum.yandex/src/utils/Block/index.ts": {"path":"/home/ivan/Рабочий стол/praktikum/middle.messenger.praktikum.yandex/src/utils/Block/index.ts","statementMap":{"0":{"start":{"line":22,"column":18},"end":{"line":28,"column":3}},"1":{"start":{"line":33,"column":15},"end":{"line":33,"column":17}},"2":{"start":{"line":34,"column":40},"end":{"line":34,"column":42}},"3":{"start":{"line":36,"column":33},"end":{"line":36,"column":37}},"4":{"start":{"line":37,"column":16},"end":{"line":37,"column":23}},"5":{"start":{"line":42,"column":21},"end":{"line":42,"column":35}},"6":{"start":{"line":43,"column":39},"end":{"line":43,"column":88}},"7":{"start":{"line":44,"column":4},"end":{"line":44,"column":51}},"8":{"start":{"line":45,"column":4},"end":{"line":45,"column":29}},"9":{"start":{"line":46,"column":4},"end":{"line":46,"column":23}},"10":{"start":{"line":47,"column":4},"end":{"line":47,"column":29}},"11":{"start":{"line":48,"column":4},"end":{"line":48,"column":35}},"12":{"start":{"line":48,"column":26},"end":{"line":48,"column":34}},"13":{"start":{"line":49,"column":4},"end":{"line":49,"column":35}},"14":{"start":{"line":50,"column":4},"end":{"line":50,"column":30}},"15":{"start":{"line":51,"column":4},"end":{"line":51,"column":37}},"16":{"start":{"line":55,"column":4},"end":{"line":55,"column":21}},"17":{"start":{"line":56,"column":4},"end":{"line":62,"column":5}},"18":{"start":{"line":57,"column":25},"end":{"line":57,"column":35}},"19":{"start":{"line":59,"column":6},"end":{"line":61,"column":9}},"20":{"start":{"line":60,"column":8},"end":{"line":60,"column":82}},"21":{"start":{"line":69,"column":21},"end":{"line":85,"column":3}},"22":{"start":{"line":70,"column":4},"end":{"line":84,"column":5}},"23":{"start":{"line":71,"column":19},"end":{"line":71,"column":49}},"24":{"start":{"line":73,"column":6},"end":{"line":83,"column":7}},"25":{"start":{"line":74,"column":26},"end":{"line":74,"column":87}},"26":{"start":{"line":75,"column":25},"end":{"line":75,"column":72}},"27":{"start":{"line":77,"column":8},"end":{"line":82,"column":9}},"28":{"start":{"line":78,"column":10},"end":{"line":81,"column":11}},"29":{"start":{"line":79,"column":12},"end":{"line":79,"column":54}},"30":{"start":{"line":80,"column":12},"end":{"line":80,"column":41}},"31":{"start":{"line":87,"column":22},"end":{"line":93,"column":3}},"32":{"start":{"line":88,"column":4},"end":{"line":92,"column":7}},"33":{"start":{"line":89,"column":6},"end":{"line":91,"column":7}},"34":{"start":{"line":90,"column":8},"end":{"line":90,"column":64}},"35":{"start":{"line":100,"column":4},"end":{"line":100,"column":24}},"36":{"start":{"line":101,"column":4},"end":{"line":107,"column":5}},"37":{"start":{"line":102,"column":25},"end":{"line":102,"column":35}},"38":{"start":{"line":104,"column":6},"end":{"line":106,"column":9}},"39":{"start":{"line":105,"column":8},"end":{"line":105,"column":85}},"40":{"start":{"line":111,"column":4},"end":{"line":111,"column":57}},"41":{"start":{"line":112,"column":4},"end":{"line":112,"column":75}},"42":{"start":{"line":113,"column":4},"end":{"line":113,"column":93}},"43":{"start":{"line":114,"column":4},"end":{"line":114,"column":92}},"44":{"start":{"line":115,"column":4},"end":{"line":115,"column":67}},"45":{"start":{"line":119,"column":4},"end":{"line":119,"column":51}},"46":{"start":{"line":123,"column":4},"end":{"line":123,"column":29}},"47":{"start":{"line":125,"column":4},"end":{"line":129,"column":7}},"48":{"start":{"line":126,"column":6},"end":{"line":128,"column":7}},"49":{"start":{"line":127,"column":8},"end":{"line":127,"column":42}},"50":{"start":{"line":133,"column":4},"end":{"line":133,"column":11}},"51":{"start":{"line":137,"column":4},"end":{"line":137,"column":42}},"52":{"start":{"line":141,"column":4},"end":{"line":141,"column":10}},"53":{"start":{"line":145,"column":4},"end":{"line":145,"column":48}},"54":{"start":{"line":149,"column":23},"end":{"line":149,"column":66}},"55":{"start":{"line":151,"column":4},"end":{"line":155,"column":5}},"56":{"start":{"line":152,"column":6},"end":{"line":152,"column":21}},"57":{"start":{"line":154,"column":6},"end":{"line":154,"column":13}},"58":{"start":{"line":159,"column":4},"end":{"line":159,"column":39}},"59":{"start":{"line":163,"column":32},"end":{"line":163,"column":34}},"60":{"start":{"line":164,"column":26},"end":{"line":164,"column":28}},"61":{"start":{"line":165,"column":26},"end":{"line":165,"column":28}},"62":{"start":{"line":167,"column":4},"end":{"line":175,"column":7}},"63":{"start":{"line":168,"column":6},"end":{"line":174,"column":7}},"64":{"start":{"line":169,"column":8},"end":{"line":169,"column":30}},"65":{"start":{"line":170,"column":13},"end":{"line":174,"column":7}},"66":{"start":{"line":171,"column":8},"end":{"line":171,"column":27}},"67":{"start":{"line":173,"column":8},"end":{"line":173,"column":27}},"68":{"start":{"line":177,"column":4},"end":{"line":177,"column":38}},"69":{"start":{"line":185,"column":26},"end":{"line":185,"column":36}},"70":{"start":{"line":187,"column":4},"end":{"line":197,"column":7}},"71":{"start":{"line":188,"column":6},"end":{"line":196,"column":7}},"72":{"start":{"line":189,"column":8},"end":{"line":193,"column":9}},"73":{"start":{"line":190,"column":10},"end":{"line":190,"column":49}},"74":{"start":{"line":191,"column":15},"end":{"line":193,"column":9}},"75":{"start":{"line":192,"column":10},"end":{"line":192,"column":46}},"76":{"start":{"line":194,"column":13},"end":{"line":196,"column":7}},"77":{"start":{"line":195,"column":8},"end":{"line":195,"column":48}},"78":{"start":{"line":199,"column":4},"end":{"line":199,"column":25}},"79":{"start":{"line":206,"column":20},"end":{"line":226,"column":3}},"80":{"start":{"line":207,"column":4},"end":{"line":209,"column":5}},"81":{"start":{"line":208,"column":6},"end":{"line":208,"column":13}},"82":{"start":{"line":211,"column":4},"end":{"line":211,"column":30}},"83":{"start":{"line":212,"column":21},"end":{"line":212,"column":38}},"84":{"start":{"line":214,"column":4},"end":{"line":216,"column":5}},"85":{"start":{"line":215,"column":6},"end":{"line":215,"column":42}},"86":{"start":{"line":222,"column":4},"end":{"line":225,"column":5}},"87":{"start":{"line":223,"column":6},"end":{"line":223,"column":72}},"88":{"start":{"line":224,"column":6},"end":{"line":224,"column":32}},"89":{"start":{"line":229,"column":4},"end":{"line":229,"column":25}},"90":{"start":{"line":233,"column":4},"end":{"line":233,"column":25}},"91":{"start":{"line":234,"column":4},"end":{"line":234,"column":23}},"92":{"start":{"line":236,"column":26},"end":{"line":236,"column":43}},"93":{"start":{"line":237,"column":19},"end":{"line":237,"column":26}},"94":{"start":{"line":239,"column":4},"end":{"line":243,"column":7}},"95":{"start":{"line":240,"column":6},"end":{"line":242,"column":7}},"96":{"start":{"line":241,"column":8},"end":{"line":241,"column":66}},"97":{"start":{"line":245,"column":4},"end":{"line":247,"column":7}},"98":{"start":{"line":246,"column":6},"end":{"line":246,"column":65}},"99":{"start":{"line":249,"column":21},"end":{"line":249,"column":83}},"100":{"start":{"line":250,"column":4},"end":{"line":250,"column":74}},"101":{"start":{"line":252,"column":4},"end":{"line":259,"column":7}},"102":{"start":{"line":253,"column":6},"end":{"line":258,"column":7}},"103":{"start":{"line":254,"column":21},"end":{"line":254,"column":79}},"104":{"start":{"line":255,"column":29},"end":{"line":255,"column":62}},"105":{"start":{"line":257,"column":8},"end":{"line":257,"column":40}},"106":{"start":{"line":261,"column":4},"end":{"line":275,"column":7}},"107":{"start":{"line":262,"column":23},"end":{"line":262,"column":85}},"108":{"start":{"line":264,"column":6},"end":{"line":271,"column":9}},"109":{"start":{"line":265,"column":8},"end":{"line":270,"column":9}},"110":{"start":{"line":266,"column":30},"end":{"line":266,"column":62}},"111":{"start":{"line":267,"column":10},"end":{"line":267,"column":47}},"112":{"start":{"line":269,"column":10},"end":{"line":269,"column":45}},"113":{"start":{"line":273,"column":19},"end":{"line":273,"column":78}},"114":{"start":{"line":274,"column":6},"end":{"line":274,"column":42}},"115":{"start":{"line":277,"column":23},"end":{"line":277,"column":57}},"116":{"start":{"line":279,"column":4},"end":{"line":282,"column":5}},"117":{"start":{"line":280,"column":6},"end":{"line":280,"column":62}},"118":{"start":{"line":281,"column":6},"end":{"line":281,"column":76}},"119":{"start":{"line":284,"column":4},"end":{"line":284,"column":46}},"120":{"start":{"line":285,"column":4},"end":{"line":285,"column":22}},"121":{"start":{"line":286,"column":4},"end":{"line":286,"column":26}},"122":{"start":{"line":290,"column":4},"end":{"line":290,"column":14}},"123":{"start":{"line":294,"column":4},"end":{"line":294,"column":24}},"124":{"start":{"line":298,"column":4},"end":{"line":316,"column":7}},"125":{"start":{"line":300,"column":22},"end":{"line":300,"column":44}},"126":{"start":{"line":301,"column":8},"end":{"line":301,"column":91}},"127":{"start":{"line":305,"column":8},"end":{"line":308,"column":9}},"128":{"start":{"line":306,"column":10},"end":{"line":306,"column":41}},"129":{"start":{"line":307,"column":10},"end":{"line":307,"column":35}},"130":{"start":{"line":310,"column":8},"end":{"line":310,"column":20}},"131":{"start":{"line":314,"column":8},"end":{"line":314,"column":37}},"132":{"start":{"line":320,"column":4},"end":{"line":320,"column":43}}},"fnMap":{"0":{"name":"(anonymous_0)","decl":{"start":{"line":41,"column":2},"end":{"line":41,"column":3}},"loc":{"start":{"line":41,"column":40},"end":{"line":52,"column":3}},"line":41},"1":{"name":"(anonymous_1)","decl":{"start":{"line":48,"column":20},"end":{"line":48,"column":21}},"loc":{"start":{"line":48,"column":26},"end":{"line":48,"column":34}},"line":48},"2":{"name":"(anonymous_2)","decl":{"start":{"line":54,"column":2},"end":{"line":54,"column":3}},"loc":{"start":{"line":54,"column":21},"end":{"line":63,"column":3}},"line":54},"3":{"name":"(anonymous_3)","decl":{"start":{"line":59,"column":34},"end":{"line":59,"column":35}},"loc":{"start":{"line":59,"column":63},"end":{"line":61,"column":7}},"line":59},"4":{"name":"(anonymous_4)","decl":{"start":{"line":65,"column":2},"end":{"line":65,"column":3}},"loc":{"start":{"line":65,"column":20},"end":{"line":67,"column":3}},"line":65},"5":{"name":"(anonymous_5)","decl":{"start":{"line":69,"column":21},"end":{"line":69,"column":22}},"loc":{"start":{"line":69,"column":47},"end":{"line":85,"column":3}},"line":69},"6":{"name":"(anonymous_6)","decl":{"start":{"line":87,"column":22},"end":{"line":87,"column":23}},"loc":{"start":{"line":87,"column":28},"end":{"line":93,"column":3}},"line":87},"7":{"name":"(anonymous_7)","decl":{"start":{"line":88,"column":45},"end":{"line":88,"column":46}},"loc":{"start":{"line":88,"column":78},"end":{"line":92,"column":5}},"line":88},"8":{"name":"(anonymous_8)","decl":{"start":{"line":95,"column":2},"end":{"line":95,"column":3}},"loc":{"start":{"line":95,"column":23},"end":{"line":97,"column":3}},"line":95},"9":{"name":"(anonymous_9)","decl":{"start":{"line":99,"column":2},"end":{"line":99,"column":3}},"loc":{"start":{"line":99,"column":24},"end":{"line":108,"column":3}},"line":99},"10":{"name":"(anonymous_10)","decl":{"start":{"line":104,"column":34},"end":{"line":104,"column":35}},"loc":{"start":{"line":104,"column":63},"end":{"line":106,"column":7}},"line":104},"11":{"name":"(anonymous_11)","decl":{"start":{"line":110,"column":2},"end":{"line":110,"column":3}},"loc":{"start":{"line":110,"column":38},"end":{"line":116,"column":3}},"line":110},"12":{"name":"(anonymous_12)","decl":{"start":{"line":118,"column":2},"end":{"line":118,"column":3}},"loc":{"start":{"line":118,"column":9},"end":{"line":120,"column":3}},"line":118},"13":{"name":"(anonymous_13)","decl":{"start":{"line":122,"column":2},"end":{"line":122,"column":3}},"loc":{"start":{"line":122,"column":36},"end":{"line":130,"column":3}},"line":122},"14":{"name":"(anonymous_14)","decl":{"start":{"line":125,"column":41},"end":{"line":125,"column":42}},"loc":{"start":{"line":125,"column":58},"end":{"line":129,"column":5}},"line":125},"15":{"name":"(anonymous_15)","decl":{"start":{"line":132,"column":2},"end":{"line":132,"column":3}},"loc":{"start":{"line":132,"column":35},"end":{"line":134,"column":3}},"line":132},"16":{"name":"(anonymous_16)","decl":{"start":{"line":136,"column":2},"end":{"line":136,"column":3}},"loc":{"start":{"line":136,"column":62},"end":{"line":138,"column":3}},"line":136},"17":{"name":"(anonymous_17)","decl":{"start":{"line":140,"column":2},"end":{"line":140,"column":3}},"loc":{"start":{"line":140,"column":62},"end":{"line":142,"column":3}},"line":140},"18":{"name":"(anonymous_18)","decl":{"start":{"line":144,"column":2},"end":{"line":144,"column":3}},"loc":{"start":{"line":144,"column":43},"end":{"line":146,"column":3}},"line":144},"19":{"name":"(anonymous_19)","decl":{"start":{"line":148,"column":2},"end":{"line":148,"column":3}},"loc":{"start":{"line":148,"column":71},"end":{"line":156,"column":3}},"line":148},"20":{"name":"(anonymous_20)","decl":{"start":{"line":158,"column":2},"end":{"line":158,"column":3}},"loc":{"start":{"line":158,"column":73},"end":{"line":160,"column":3}},"line":158},"21":{"name":"(anonymous_21)","decl":{"start":{"line":162,"column":2},"end":{"line":162,"column":3}},"loc":{"start":{"line":162,"column":60},"end":{"line":178,"column":3}},"line":162},"22":{"name":"(anonymous_22)","decl":{"start":{"line":167,"column":45},"end":{"line":167,"column":46}},"loc":{"start":{"line":167,"column":63},"end":{"line":175,"column":5}},"line":167},"23":{"name":"(anonymous_23)","decl":{"start":{"line":180,"column":2},"end":{"line":180,"column":3}},"loc":{"start":{"line":180,"column":31},"end":{"line":182,"column":3}},"line":180},"24":{"name":"(anonymous_24)","decl":{"start":{"line":184,"column":2},"end":{"line":184,"column":3}},"loc":{"start":{"line":184,"column":32},"end":{"line":200,"column":3}},"line":184},"25":{"name":"(anonymous_25)","decl":{"start":{"line":187,"column":42},"end":{"line":187,"column":43}},"loc":{"start":{"line":187,"column":66},"end":{"line":197,"column":5}},"line":187},"26":{"name":"(anonymous_26)","decl":{"start":{"line":202,"column":2},"end":{"line":202,"column":3}},"loc":{"start":{"line":202,"column":23},"end":{"line":204,"column":3}},"line":202},"27":{"name":"(anonymous_27)","decl":{"start":{"line":206,"column":20},"end":{"line":206,"column":21}},"loc":{"start":{"line":206,"column":42},"end":{"line":226,"column":3}},"line":206},"28":{"name":"(anonymous_28)","decl":{"start":{"line":228,"column":2},"end":{"line":228,"column":3}},"loc":{"start":{"line":228,"column":16},"end":{"line":230,"column":3}},"line":228},"29":{"name":"(anonymous_29)","decl":{"start":{"line":232,"column":2},"end":{"line":232,"column":3}},"loc":{"start":{"line":232,"column":19},"end":{"line":287,"column":3}},"line":232},"30":{"name":"(anonymous_30)","decl":{"start":{"line":239,"column":42},"end":{"line":239,"column":43}},"loc":{"start":{"line":239,"column":60},"end":{"line":243,"column":5}},"line":239},"31":{"name":"(anonymous_31)","decl":{"start":{"line":245,"column":39},"end":{"line":245,"column":40}},"loc":{"start":{"line":245,"column":50},"end":{"line":247,"column":5}},"line":245},"32":{"name":"(anonymous_32)","decl":{"start":{"line":252,"column":41},"end":{"line":252,"column":42}},"loc":{"start":{"line":252,"column":52},"end":{"line":259,"column":5}},"line":252},"33":{"name":"(anonymous_33)","decl":{"start":{"line":261,"column":39},"end":{"line":261,"column":40}},"loc":{"start":{"line":261,"column":60},"end":{"line":275,"column":5}},"line":261},"34":{"name":"(anonymous_34)","decl":{"start":{"line":264,"column":33},"end":{"line":264,"column":34}},"loc":{"start":{"line":264,"column":43},"end":{"line":271,"column":7}},"line":264},"35":{"name":"(anonymous_35)","decl":{"start":{"line":289,"column":2},"end":{"line":289,"column":3}},"loc":{"start":{"line":289,"column":19},"end":{"line":291,"column":3}},"line":289},"36":{"name":"(anonymous_36)","decl":{"start":{"line":293,"column":2},"end":{"line":293,"column":3}},"loc":{"start":{"line":293,"column":22},"end":{"line":295,"column":3}},"line":293},"37":{"name":"(anonymous_37)","decl":{"start":{"line":297,"column":2},"end":{"line":297,"column":3}},"loc":{"start":{"line":297,"column":65},"end":{"line":317,"column":3}},"line":297},"38":{"name":"(anonymous_38)","decl":{"start":{"line":299,"column":6},"end":{"line":299,"column":7}},"loc":{"start":{"line":299,"column":24},"end":{"line":302,"column":7}},"line":299},"39":{"name":"(anonymous_39)","decl":{"start":{"line":304,"column":6},"end":{"line":304,"column":7}},"loc":{"start":{"line":304,"column":31},"end":{"line":311,"column":7}},"line":304},"40":{"name":"(anonymous_40)","decl":{"start":{"line":313,"column":6},"end":{"line":313,"column":7}},"loc":{"start":{"line":313,"column":23},"end":{"line":315,"column":7}},"line":313},"41":{"name":"(anonymous_41)","decl":{"start":{"line":319,"column":2},"end":{"line":319,"column":3}},"loc":{"start":{"line":319,"column":90},"end":{"line":321,"column":3}},"line":319}},"branchMap":{"0":{"loc":{"start":{"line":56,"column":4},"end":{"line":62,"column":5}},"type":"if","locations":[{"start":{"line":56,"column":4},"end":{"line":62,"column":5}},{"start":{},"end":{}}],"line":56},"1":{"loc":{"start":{"line":70,"column":4},"end":{"line":84,"column":5}},"type":"if","locations":[{"start":{"line":70,"column":4},"end":{"line":84,"column":5}},{"start":{},"end":{}}],"line":70},"2":{"loc":{"start":{"line":73,"column":6},"end":{"line":83,"column":7}},"type":"if","locations":[{"start":{"line":73,"column":6},"end":{"line":83,"column":7}},{"start":{},"end":{}}],"line":73},"3":{"loc":{"start":{"line":77,"column":8},"end":{"line":82,"column":9}},"type":"if","locations":[{"start":{"line":77,"column":8},"end":{"line":82,"column":9}},{"start":{},"end":{}}],"line":77},"4":{"loc":{"start":{"line":78,"column":10},"end":{"line":81,"column":11}},"type":"if","locations":[{"start":{"line":78,"column":10},"end":{"line":81,"column":11}},{"start":{},"end":{}}],"line":78},"5":{"loc":{"start":{"line":89,"column":6},"end":{"line":91,"column":7}},"type":"if","locations":[{"start":{"line":89,"column":6},"end":{"line":91,"column":7}},{"start":{},"end":{}}],"line":89},"6":{"loc":{"start":{"line":101,"column":4},"end":{"line":107,"column":5}},"type":"if","locations":[{"start":{"line":101,"column":4},"end":{"line":107,"column":5}},{"start":{},"end":{}}],"line":101},"7":{"loc":{"start":{"line":126,"column":6},"end":{"line":128,"column":7}},"type":"if","locations":[{"start":{"line":126,"column":6},"end":{"line":128,"column":7}},{"start":{},"end":{}}],"line":126},"8":{"loc":{"start":{"line":151,"column":4},"end":{"line":155,"column":5}},"type":"if","locations":[{"start":{"line":151,"column":4},"end":{"line":155,"column":5}},{"start":{"line":153,"column":11},"end":{"line":155,"column":5}}],"line":151},"9":{"loc":{"start":{"line":168,"column":6},"end":{"line":174,"column":7}},"type":"if","locations":[{"start":{"line":168,"column":6},"end":{"line":174,"column":7}},{"start":{"line":170,"column":13},"end":{"line":174,"column":7}}],"line":168},"10":{"loc":{"start":{"line":170,"column":13},"end":{"line":174,"column":7}},"type":"if","locations":[{"start":{"line":170,"column":13},"end":{"line":174,"column":7}},{"start":{"line":172,"column":13},"end":{"line":174,"column":7}}],"line":170},"11":{"loc":{"start":{"line":185,"column":12},"end":{"line":185,"column":21}},"type":"default-arg","locations":[{"start":{"line":185,"column":19},"end":{"line":185,"column":21}}],"line":185},"12":{"loc":{"start":{"line":188,"column":6},"end":{"line":196,"column":7}},"type":"if","locations":[{"start":{"line":188,"column":6},"end":{"line":196,"column":7}},{"start":{"line":194,"column":13},"end":{"line":196,"column":7}}],"line":188},"13":{"loc":{"start":{"line":189,"column":8},"end":{"line":193,"column":9}},"type":"if","locations":[{"start":{"line":189,"column":8},"end":{"line":193,"column":9}},{"start":{"line":191,"column":15},"end":{"line":193,"column":9}}],"line":189},"14":{"loc":{"start":{"line":191,"column":15},"end":{"line":193,"column":9}},"type":"if","locations":[{"start":{"line":191,"column":15},"end":{"line":193,"column":9}},{"start":{},"end":{}}],"line":191},"15":{"loc":{"start":{"line":194,"column":13},"end":{"line":196,"column":7}},"type":"if","locations":[{"start":{"line":194,"column":13},"end":{"line":196,"column":7}},{"start":{},"end":{}}],"line":194},"16":{"loc":{"start":{"line":207,"column":4},"end":{"line":209,"column":5}},"type":"if","locations":[{"start":{"line":207,"column":4},"end":{"line":209,"column":5}},{"start":{},"end":{}}],"line":207},"17":{"loc":{"start":{"line":214,"column":4},"end":{"line":216,"column":5}},"type":"if","locations":[{"start":{"line":214,"column":4},"end":{"line":216,"column":5}},{"start":{},"end":{}}],"line":214},"18":{"loc":{"start":{"line":222,"column":4},"end":{"line":225,"column":5}},"type":"if","locations":[{"start":{"line":222,"column":4},"end":{"line":225,"column":5}},{"start":{},"end":{}}],"line":222},"19":{"loc":{"start":{"line":240,"column":6},"end":{"line":242,"column":7}},"type":"if","locations":[{"start":{"line":240,"column":6},"end":{"line":242,"column":7}},{"start":{},"end":{}}],"line":240},"20":{"loc":{"start":{"line":253,"column":6},"end":{"line":258,"column":7}},"type":"if","locations":[{"start":{"line":253,"column":6},"end":{"line":258,"column":7}},{"start":{},"end":{}}],"line":253},"21":{"loc":{"start":{"line":265,"column":8},"end":{"line":270,"column":9}},"type":"if","locations":[{"start":{"line":265,"column":8},"end":{"line":270,"column":9}},{"start":{"line":268,"column":15},"end":{"line":270,"column":9}}],"line":265},"22":{"loc":{"start":{"line":279,"column":4},"end":{"line":282,"column":5}},"type":"if","locations":[{"start":{"line":279,"column":4},"end":{"line":282,"column":5}},{"start":{},"end":{}}],"line":279},"23":{"loc":{"start":{"line":301,"column":15},"end":{"line":301,"column":90}},"type":"cond-expr","locations":[{"start":{"line":301,"column":45},"end":{"line":301,"column":82}},{"start":{"line":301,"column":85},"end":{"line":301,"column":90}}],"line":301},"24":{"loc":{"start":{"line":305,"column":8},"end":{"line":308,"column":9}},"type":"if","locations":[{"start":{"line":305,"column":8},"end":{"line":308,"column":9}},{"start":{},"end":{}}],"line":305}},"s":{"0":1,"1":1,"2":1,"3":1,"4":1,"5":1,"6":1,"7":1,"8":1,"9":1,"10":1,"11":1,"12":1,"13":1,"14":1,"15":1,"16":1,"17":1,"18":0,"19":0,"20":0,"21":1,"22":0,"23":0,"24":0,"25":0,"26":0,"27":0,"28":0,"29":0,"30":0,"31":1,"32":0,"33":0,"34":0,"35":1,"36":1,"37":0,"38":0,"39":0,"40":1,"41":1,"42":1,"43":1,"44":1,"45":1,"46":0,"47":0,"48":0,"49":0,"50":0,"51":0,"52":0,"53":0,"54":0,"55":0,"56":0,"57":0,"58":0,"59":1,"60":1,"61":1,"62":1,"63":1,"64":0,"65":1,"66":0,"67":1,"68":1,"69":1,"70":1,"71":0,"72":0,"73":0,"74":0,"75":0,"76":0,"77":0,"78":1,"79":1,"80":0,"81":0,"82":0,"83":0,"84":0,"85":0,"86":0,"87":0,"88":0,"89":1,"90":1,"91":1,"92":1,"93":1,"94":1,"95":0,"96":0,"97":1,"98":0,"99":1,"100":1,"101":1,"102":0,"103":0,"104":0,"105":0,"106":1,"107":0,"108":0,"109":0,"110":0,"111":0,"112":0,"113":0,"114":0,"115":1,"116":1,"117":0,"118":0,"119":1,"120":1,"121":1,"122":0,"123":1,"124":1,"125":4,"126":4,"127":0,"128":0,"129":0,"130":0,"131":0,"132":1},"f":{"0":1,"1":1,"2":1,"3":0,"4":1,"5":0,"6":0,"7":0,"8":1,"9":1,"10":0,"11":1,"12":1,"13":0,"14":0,"15":0,"16":0,"17":0,"18":0,"19":0,"20":0,"21":1,"22":1,"23":1,"24":1,"25":0,"26":1,"27":0,"28":1,"29":1,"30":0,"31":0,"32":0,"33":0,"34":0,"35":0,"36":1,"37":1,"38":4,"39":0,"40":0,"41":1},"b":{"0":[0,1],"1":[0,0],"2":[0,0],"3":[0,0],"4":[0,0],"5":[0,0],"6":[0,1],"7":[0,0],"8":[0,0],"9":[0,1],"10":[0,1],"11":[1],"12":[0,0],"13":[0,0],"14":[0,0],"15":[0,0],"16":[0,0],"17":[0,0],"18":[0,0],"19":[0,0],"20":[0,0],"21":[0,0],"22":[0,1],"23":[0,4],"24":[0,0]},"_coverageSchema":"1a1c01bbd47fc00a2c39e90264f33305004495a9","hash":"643ba6d6427f325be456f90f467f0dcbf8d0b733"}
,"/home/ivan/Рабочий стол/praktikum/middle.messenger.praktikum.yandex/src/utils/EventBus/index.ts": {"path":"/home/ivan/Рабочий стол/praktikum/middle.messenger.praktikum.yandex/src/utils/EventBus/index.ts","statementMap":{"0":{"start":{"line":6,"column":4},"end":{"line":6,"column":24}},"1":{"start":{"line":10,"column":4},"end":{"line":12,"column":5}},"2":{"start":{"line":11,"column":6},"end":{"line":11,"column":33}},"3":{"start":{"line":14,"column":4},"end":{"line":14,"column":41}},"4":{"start":{"line":18,"column":2},"end":{"line":20,"column":5}},"5":{"start":{"line":19,"column":6},"end":{"line":19,"column":47}},"6":{"start":{"line":22,"column":4},"end":{"line":23,"column":49}},"7":{"start":{"line":23,"column":26},"end":{"line":23,"column":47}},"8":{"start":{"line":27,"column":4},"end":{"line":29,"column":5}},"9":{"start":{"line":28,"column":6},"end":{"line":28,"column":47}},"10":{"start":{"line":31,"column":4},"end":{"line":33,"column":7}},"11":{"start":{"line":32,"column":6},"end":{"line":32,"column":24}}},"fnMap":{"0":{"name":"(anonymous_0)","decl":{"start":{"line":5,"column":2},"end":{"line":5,"column":3}},"loc":{"start":{"line":5,"column":16},"end":{"line":7,"column":3}},"line":5},"1":{"name":"(anonymous_1)","decl":{"start":{"line":9,"column":2},"end":{"line":9,"column":3}},"loc":{"start":{"line":9,"column":47},"end":{"line":15,"column":3}},"line":9},"2":{"name":"(anonymous_2)","decl":{"start":{"line":17,"column":2},"end":{"line":17,"column":3}},"loc":{"start":{"line":17,"column":49},"end":{"line":24,"column":3}},"line":17},"3":{"name":"(anonymous_3)","decl":{"start":{"line":23,"column":12},"end":{"line":23,"column":13}},"loc":{"start":{"line":23,"column":26},"end":{"line":23,"column":47}},"line":23},"4":{"name":"(anonymous_4)","decl":{"start":{"line":26,"column":1},"end":{"line":26,"column":2}},"loc":{"start":{"line":26,"column":47},"end":{"line":34,"column":3}},"line":26},"5":{"name":"(anonymous_5)","decl":{"start":{"line":31,"column":34},"end":{"line":31,"column":35}},"loc":{"start":{"line":31,"column":48},"end":{"line":33,"column":5}},"line":31}},"branchMap":{"0":{"loc":{"start":{"line":10,"column":4},"end":{"line":12,"column":5}},"type":"if","locations":[{"start":{"line":10,"column":4},"end":{"line":12,"column":5}},{"start":{},"end":{}}],"line":10},"1":{"loc":{"start":{"line":18,"column":2},"end":{"line":20,"column":5}},"type":"if","locations":[{"start":{"line":18,"column":2},"end":{"line":20,"column":5}},{"start":{},"end":{}}],"line":18},"2":{"loc":{"start":{"line":27,"column":4},"end":{"line":29,"column":5}},"type":"if","locations":[{"start":{"line":27,"column":4},"end":{"line":29,"column":5}},{"start":{},"end":{}}],"line":27}},"s":{"0":2,"1":5,"2":5,"3":5,"4":0,"5":0,"6":0,"7":0,"8":2,"9":0,"10":2,"11":2},"f":{"0":2,"1":5,"2":0,"3":0,"4":2,"5":2},"b":{"0":[5,0],"1":[0,0],"2":[0,2]},"_coverageSchema":"1a1c01bbd47fc00a2c39e90264f33305004495a9","hash":"92de5523249237fe128b69ebc216ebdcec008c43"}
,"/home/ivan/Рабочий стол/praktikum/middle.messenger.praktikum.yandex/src/utils/Store/index.ts": {"path":"/home/ivan/Рабочий стол/praktikum/middle.messenger.praktikum.yandex/src/utils/Store/index.ts","statementMap":{"0":{"start":{"line":82,"column":26},"end":{"line":86,"column":3}},"1":{"start":{"line":89,"column":4},"end":{"line":89,"column":12}},"2":{"start":{"line":90,"column":4},"end":{"line":90,"column":15}},"3":{"start":{"line":94,"column":4},"end":{"line":94,"column":33}},"4":{"start":{"line":96,"column":4},"end":{"line":96,"column":35}},"5":{"start":{"line":100,"column":4},"end":{"line":100,"column":75}},"6":{"start":{"line":101,"column":4},"end":{"line":101,"column":35}},"7":{"start":{"line":105,"column":4},"end":{"line":105,"column":22}},"8":{"start":{"line":109,"column":4},"end":{"line":114,"column":5}},"9":{"start":{"line":110,"column":6},"end":{"line":110,"column":43}},"10":{"start":{"line":112,"column":27},"end":{"line":112,"column":80}},"11":{"start":{"line":112,"column":66},"end":{"line":112,"column":79}},"12":{"start":{"line":113,"column":6},"end":{"line":113,"column":79}},"13":{"start":{"line":116,"column":4},"end":{"line":116,"column":35}},"14":{"start":{"line":120,"column":25},"end":{"line":120,"column":57}},"15":{"start":{"line":122,"column":4},"end":{"line":126,"column":5}},"16":{"start":{"line":123,"column":6},"end":{"line":123,"column":35}},"17":{"start":{"line":125,"column":6},"end":{"line":125,"column":34}},"18":{"start":{"line":130,"column":25},"end":{"line":130,"column":57}},"19":{"start":{"line":131,"column":4},"end":{"line":131,"column":41}},"20":{"start":{"line":133,"column":4},"end":{"line":133,"column":35}},"21":{"start":{"line":137,"column":18},"end":{"line":137,"column":49}},"22":{"start":{"line":139,"column":4},"end":{"line":143,"column":5}},"23":{"start":{"line":140,"column":6},"end":{"line":140,"column":19}},"24":{"start":{"line":142,"column":6},"end":{"line":142,"column":18}},"25":{"start":{"line":147,"column":18},"end":{"line":147,"column":49}},"26":{"start":{"line":149,"column":4},"end":{"line":151,"column":5}},"27":{"start":{"line":150,"column":6},"end":{"line":150,"column":45}},"28":{"start":{"line":153,"column":4},"end":{"line":153,"column":35}}},"fnMap":{"0":{"name":"(anonymous_0)","decl":{"start":{"line":88,"column":2},"end":{"line":88,"column":3}},"loc":{"start":{"line":88,"column":16},"end":{"line":91,"column":3}},"line":88},"1":{"name":"(anonymous_1)","decl":{"start":{"line":93,"column":2},"end":{"line":93,"column":3}},"loc":{"start":{"line":93,"column":43},"end":{"line":97,"column":3}},"line":93},"2":{"name":"(anonymous_2)","decl":{"start":{"line":99,"column":2},"end":{"line":99,"column":3}},"loc":{"start":{"line":99,"column":39},"end":{"line":102,"column":3}},"line":99},"3":{"name":"(anonymous_3)","decl":{"start":{"line":104,"column":2},"end":{"line":104,"column":3}},"loc":{"start":{"line":104,"column":23},"end":{"line":106,"column":3}},"line":104},"4":{"name":"(anonymous_4)","decl":{"start":{"line":108,"column":2},"end":{"line":108,"column":3}},"loc":{"start":{"line":108,"column":43},"end":{"line":117,"column":3}},"line":108},"5":{"name":"(anonymous_5)","decl":{"start":{"line":112,"column":54},"end":{"line":112,"column":55}},"loc":{"start":{"line":112,"column":66},"end":{"line":112,"column":79}},"line":112},"6":{"name":"(anonymous_6)","decl":{"start":{"line":119,"column":2},"end":{"line":119,"column":3}},"loc":{"start":{"line":119,"column":51},"end":{"line":127,"column":3}},"line":119},"7":{"name":"(anonymous_7)","decl":{"start":{"line":129,"column":2},"end":{"line":129,"column":3}},"loc":{"start":{"line":129,"column":30},"end":{"line":134,"column":3}},"line":129},"8":{"name":"(anonymous_8)","decl":{"start":{"line":136,"column":2},"end":{"line":136,"column":3}},"loc":{"start":{"line":136,"column":32},"end":{"line":144,"column":3}},"line":136},"9":{"name":"(anonymous_9)","decl":{"start":{"line":146,"column":2},"end":{"line":146,"column":3}},"loc":{"start":{"line":146,"column":35},"end":{"line":154,"column":3}},"line":146}},"branchMap":{"0":{"loc":{"start":{"line":109,"column":4},"end":{"line":114,"column":5}},"type":"if","locations":[{"start":{"line":109,"column":4},"end":{"line":114,"column":5}},{"start":{"line":111,"column":11},"end":{"line":114,"column":5}}],"line":109},"1":{"loc":{"start":{"line":122,"column":4},"end":{"line":126,"column":5}},"type":"if","locations":[{"start":{"line":122,"column":4},"end":{"line":126,"column":5}},{"start":{"line":124,"column":11},"end":{"line":126,"column":5}}],"line":122},"2":{"loc":{"start":{"line":139,"column":4},"end":{"line":143,"column":5}},"type":"if","locations":[{"start":{"line":139,"column":4},"end":{"line":143,"column":5}},{"start":{"line":141,"column":11},"end":{"line":143,"column":5}}],"line":139},"3":{"loc":{"start":{"line":149,"column":4},"end":{"line":151,"column":5}},"type":"if","locations":[{"start":{"line":149,"column":4},"end":{"line":151,"column":5}},{"start":{},"end":{}}],"line":149}},"s":{"0":1,"1":1,"2":1,"3":0,"4":0,"5":0,"6":0,"7":0,"8":0,"9":0,"10":0,"11":0,"12":0,"13":0,"14":0,"15":0,"16":0,"17":0,"18":0,"19":0,"20":0,"21":0,"22":0,"23":0,"24":0,"25":0,"26":0,"27":0,"28":0},"f":{"0":1,"1":0,"2":0,"3":0,"4":0,"5":0,"6":0,"7":0,"8":0,"9":0},"b":{"0":[0,0],"1":[0,0],"2":[0,0],"3":[0,0]},"_coverageSchema":"1a1c01bbd47fc00a2c39e90264f33305004495a9","hash":"66b599025291464a549b44dec7a924758da10aba"}
}
