TN:
SF:src/utils/FormValidator.ts
FN:20,(anonymous_0)
FN:34,(anonymous_1)
FN:43,(anonymous_2)
FN:52,(anonymous_3)
FN:60,(anonymous_4)
FN:61,(anonymous_5)
FN:66,(anonymous_6)
FN:73,(anonymous_7)
FN:80,(anonymous_8)
FN:82,(anonymous_9)
FN:87,(anonymous_10)
FN:95,(anonymous_11)
FN:98,(anonymous_12)
FN:99,(anonymous_13)
FN:106,(anonymous_14)
FN:109,(anonymous_15)
FN:110,(anonymous_16)
FN:116,(anonymous_17)
FN:120,(anonymous_18)
FNF:19
FNH:0
FNDA:0,(anonymous_0)
FNDA:0,(anonymous_1)
FNDA:0,(anonymous_2)
FNDA:0,(anonymous_3)
FNDA:0,(anonymous_4)
FNDA:0,(anonymous_5)
FNDA:0,(anonymous_6)
FNDA:0,(anonymous_7)
FNDA:0,(anonymous_8)
FNDA:0,(anonymous_9)
FNDA:0,(anonymous_10)
FNDA:0,(anonymous_11)
FNDA:0,(anonymous_12)
FNDA:0,(anonymous_13)
FNDA:0,(anonymous_14)
FNDA:0,(anonymous_15)
FNDA:0,(anonymous_16)
FNDA:0,(anonymous_17)
FNDA:0,(anonymous_18)
DA:21,0
DA:23,0
DA:24,0
DA:25,0
DA:26,0
DA:27,0
DA:28,0
DA:30,0
DA:31,0
DA:34,0
DA:35,0
DA:37,0
DA:38,0
DA:39,0
DA:40,0
DA:43,0
DA:44,0
DA:46,0
DA:47,0
DA:48,0
DA:49,0
DA:52,0
DA:53,0
DA:54,0
DA:56,0
DA:60,0
DA:61,0
DA:62,0
DA:66,0
DA:67,0
DA:68,0
DA:69,0
DA:73,0
DA:74,0
DA:75,0
DA:76,0
DA:81,0
DA:82,0
DA:83,0
DA:87,0
DA:88,0
DA:89,0
DA:91,0
DA:95,0
DA:96,0
DA:98,0
DA:99,0
DA:100,0
DA:101,0
DA:106,0
DA:107,0
DA:109,0
DA:110,0
DA:111,0
DA:116,0
DA:117,0
DA:120,0
DA:121,0
LF:58
LH:0
BRDA:53,0,0,0
BRDA:53,0,1,0
BRDA:67,1,0,0
BRDA:67,1,1,0
BRDA:74,2,0,0
BRDA:74,2,1,0
BRDA:88,3,0,0
BRDA:88,3,1,0
BRF:8
BRH:0
end_of_record
TN:
SF:src/utils/Route.ts
FN:16,(anonymous_0)
FN:22,(anonymous_1)
FN:29,(anonymous_2)
FN:35,(anonymous_3)
FN:39,(anonymous_4)
FNF:5
FNH:0
FNDA:0,(anonymous_0)
FNDA:0,(anonymous_1)
FNDA:0,(anonymous_2)
FNDA:0,(anonymous_3)
FNDA:0,(anonymous_4)
DA:17,0
DA:18,0
DA:19,0
DA:23,0
DA:24,0
DA:25,0
DA:30,0
DA:31,0
DA:36,0
DA:40,0
DA:41,0
DA:43,0
LF:12
LH:0
BRDA:23,0,0,0
BRDA:23,0,1,0
BRDA:30,1,0,0
BRDA:30,1,1,0
BRDA:40,2,0,0
BRDA:40,2,1,0
BRF:6
BRH:0
end_of_record
TN:
SF:src/utils/Router.ts
FN:12,(anonymous_0)
FN:24,(anonymous_1)
FN:30,(anonymous_2)
FN:31,(anonymous_3)
FN:39,(anonymous_4)
FN:64,(anonymous_5)
FN:69,(anonymous_6)
FN:73,(anonymous_7)
FN:77,(anonymous_8)
FN:78,(anonymous_9)
FNF:10
FNH:4
FNDA:2,(anonymous_0)
FNDA:0,(anonymous_1)
FNDA:0,(anonymous_2)
FNDA:0,(anonymous_3)
FNDA:3,(anonymous_4)
FNDA:3,(anonymous_5)
FNDA:0,(anonymous_6)
FNDA:0,(anonymous_7)
FNDA:6,(anonymous_8)
FNDA:0,(anonymous_9)
DA:6,1
DA:8,2
DA:9,2
DA:10,2
DA:13,2
DA:14,1
DA:17,1
DA:18,1
DA:19,1
DA:21,1
DA:25,0
DA:26,0
DA:27,0
DA:31,0
DA:32,0
DA:33,0
DA:36,0
DA:40,3
DA:42,3
DA:43,3
DA:44,3
DA:45,3
DA:46,0
DA:47,0
DA:48,0
DA:49,0
DA:50,0
DA:51,0
DA:54,3
DA:55,0
DA:58,3
DA:59,0
DA:60,0
DA:65,3
DA:66,3
DA:70,0
DA:74,0
DA:78,6
DA:82,1
LF:39
LH:21
BRDA:13,0,0,1
BRDA:13,0,1,1
BRDA:42,1,0,3
BRDA:42,1,1,0
BRDA:46,2,0,0
BRDA:46,2,1,0
BRDA:46,3,0,0
BRDA:46,3,1,0
BRDA:49,4,0,0
BRDA:49,4,1,0
BRDA:49,5,0,0
BRDA:49,5,1,0
BRDA:54,6,0,0
BRDA:54,6,1,3
BRDA:54,7,0,3
BRDA:54,7,1,0
BRDA:58,8,0,0
BRDA:58,8,1,3
BRF:18
BRH:6
end_of_record
TN:
SF:src/utils/constants.ts
FNF:0
FNH:0
DA:4,3
DA:5,3
DA:6,3
DA:7,3
DA:8,3
DA:10,3
DA:11,3
DA:13,3
DA:14,3
DA:16,3
DA:26,3
DA:37,3
DA:55,3
DA:105,3
DA:115,3
LF:15
LH:15
BRF:0
BRH:0
end_of_record
TN:
SF:src/utils/helpers.ts
FN:5,isEqualValue
FN:9,isArray
FN:17,isPlainObject
FN:24,isArrayOrObject
FN:28,isEqual
FN:54,merge
FN:74,set
FN:83,(anonymous_7)
FNF:8
FNH:0
FNDA:0,isEqualValue
FNDA:0,isArray
FNDA:0,isPlainObject
FNDA:0,isArrayOrObject
FNDA:0,isEqual
FNDA:0,merge
FNDA:0,set
FNDA:0,(anonymous_7)
DA:6,0
DA:10,0
DA:18,0
DA:25,0
DA:29,0
DA:30,0
DA:31,0
DA:34,0
DA:35,0
DA:37,0
DA:38,0
DA:39,0
DA:42,0
DA:45,0
DA:46,0
DA:51,0
DA:55,0
DA:56,0
DA:57,0
DA:60,0
DA:61,0
DA:62,0
DA:64,0
DA:67,0
DA:71,0
DA:75,0
DA:76,0
DA:79,0
DA:80,0
DA:83,0
DA:87,0
LF:31
LH:0
BRDA:18,0,0,0
BRDA:18,0,1,0
BRDA:18,0,2,0
BRDA:18,0,3,0
BRDA:25,1,0,0
BRDA:25,1,1,0
BRDA:29,2,0,0
BRDA:29,2,1,0
BRDA:29,3,0,0
BRDA:29,3,1,0
BRDA:30,4,0,0
BRDA:30,4,1,0
BRDA:37,5,0,0
BRDA:37,5,1,0
BRDA:37,6,0,0
BRDA:37,6,1,0
BRDA:38,7,0,0
BRDA:38,7,1,0
BRDA:45,8,0,0
BRDA:45,8,1,0
BRDA:56,9,0,0
BRDA:56,9,1,0
BRDA:61,10,0,0
BRDA:61,10,1,0
BRDA:75,11,0,0
BRDA:75,11,1,0
BRDA:75,12,0,0
BRDA:75,12,1,0
BRDA:79,13,0,0
BRDA:79,13,1,0
BRF:30
BRH:0
end_of_record
TN:
SF:src/utils/render.ts
FN:3,render
FNF:1
FNH:0
FNDA:0,render
DA:4,0
DA:6,0
DA:7,0
DA:9,0
LF:4
LH:0
BRF:0
BRH:0
end_of_record
TN:
SF:src/utils/Api/AuthApi.ts
FN:5,(anonymous_0)
FN:13,(anonymous_1)
FN:17,(anonymous_2)
FN:21,(anonymous_3)
FN:25,(anonymous_4)
FNF:5
FNH:2
FNDA:1,(anonymous_0)
FNDA:0,(anonymous_1)
FNDA:0,(anonymous_2)
FNDA:1,(anonymous_3)
FNDA:0,(anonymous_4)
DA:6,1
DA:14,0
DA:18,0
DA:22,1
DA:26,0
DA:30,1
LF:6
LH:3
BRF:0
BRH:0
end_of_record
TN:
SF:src/utils/Api/BaseApi.ts
FN:36,(anonymous_0)
FN:43,(anonymous_1)
FN:44,(anonymous_2)
FN:61,(anonymous_3)
FN:69,(anonymous_4)
FN:84,(anonymous_5)
FN:88,(anonymous_6)
FN:92,(anonymous_7)
FN:96,(anonymous_8)
FNF:9
FNH:5
FNDA:2,(anonymous_0)
FNDA:1,(anonymous_1)
FNDA:1,(anonymous_2)
FNDA:1,(anonymous_3)
FNDA:0,(anonymous_4)
FNDA:1,(anonymous_5)
FNDA:0,(anonymous_6)
FNDA:0,(anonymous_7)
FNDA:0,(anonymous_8)
DA:37,2
DA:38,2
DA:39,2
DA:40,2
DA:44,1
DA:45,1
DA:47,1
DA:48,1
DA:49,1
DA:51,1
DA:52,0
DA:55,1
DA:56,1
DA:57,0
DA:61,1
DA:62,1
DA:63,0
DA:65,1
DA:69,1
DA:70,0
DA:73,1
DA:74,0
DA:75,0
DA:77,0
DA:79,1
DA:85,1
DA:89,0
DA:93,0
DA:97,0
DA:101,1
LF:30
LH:20
BRDA:36,0,0,1
BRDA:43,1,0,0
BRDA:51,2,0,0
BRDA:51,2,1,1
BRDA:55,3,0,1
BRDA:55,3,1,0
BRDA:62,4,0,0
BRDA:62,4,1,1
BRDA:73,5,0,0
BRDA:73,5,1,1
BRDA:73,6,0,1
BRDA:73,6,1,0
BRDA:74,7,0,0
BRDA:74,7,1,0
BRF:14
BRH:6
end_of_record
TN:
SF:src/utils/Block/index.ts
FN:41,(anonymous_0)
FN:48,(anonymous_1)
FN:54,(anonymous_2)
FN:59,(anonymous_3)
FN:65,(anonymous_4)
FN:69,(anonymous_5)
FN:87,(anonymous_6)
FN:88,(anonymous_7)
FN:95,(anonymous_8)
FN:99,(anonymous_9)
FN:104,(anonymous_10)
FN:110,(anonymous_11)
FN:118,(anonymous_12)
FN:122,(anonymous_13)
FN:125,(anonymous_14)
FN:132,(anonymous_15)
FN:136,(anonymous_16)
FN:140,(anonymous_17)
FN:144,(anonymous_18)
FN:148,(anonymous_19)
FN:158,(anonymous_20)
FN:162,(anonymous_21)
FN:167,(anonymous_22)
FN:180,(anonymous_23)
FN:184,(anonymous_24)
FN:187,(anonymous_25)
FN:202,(anonymous_26)
FN:206,(anonymous_27)
FN:228,(anonymous_28)
FN:232,(anonymous_29)
FN:239,(anonymous_30)
FN:245,(anonymous_31)
FN:252,(anonymous_32)
FN:261,(anonymous_33)
FN:264,(anonymous_34)
FN:289,(anonymous_35)
FN:293,(anonymous_36)
FN:297,(anonymous_37)
FN:299,(anonymous_38)
FN:304,(anonymous_39)
FN:313,(anonymous_40)
FN:319,(anonymous_41)
FNF:42
FNH:19
FNDA:1,(anonymous_0)
FNDA:1,(anonymous_1)
FNDA:1,(anonymous_2)
FNDA:0,(anonymous_3)
FNDA:1,(anonymous_4)
FNDA:0,(anonymous_5)
FNDA:0,(anonymous_6)
FNDA:0,(anonymous_7)
FNDA:1,(anonymous_8)
FNDA:1,(anonymous_9)
FNDA:0,(anonymous_10)
FNDA:1,(anonymous_11)
FNDA:1,(anonymous_12)
FNDA:0,(anonymous_13)
FNDA:0,(anonymous_14)
FNDA:0,(anonymous_15)
FNDA:0,(anonymous_16)
FNDA:0,(anonymous_17)
FNDA:0,(anonymous_18)
FNDA:0,(anonymous_19)
FNDA:0,(anonymous_20)
FNDA:1,(anonymous_21)
FNDA:1,(anonymous_22)
FNDA:1,(anonymous_23)
FNDA:1,(anonymous_24)
FNDA:0,(anonymous_25)
FNDA:1,(anonymous_26)
FNDA:0,(anonymous_27)
FNDA:1,(anonymous_28)
FNDA:1,(anonymous_29)
FNDA:0,(anonymous_30)
FNDA:0,(anonymous_31)
FNDA:0,(anonymous_32)
FNDA:0,(anonymous_33)
FNDA:0,(anonymous_34)
FNDA:0,(anonymous_35)
FNDA:1,(anonymous_36)
FNDA:1,(anonymous_37)
FNDA:4,(anonymous_38)
FNDA:0,(anonymous_39)
FNDA:0,(anonymous_40)
FNDA:1,(anonymous_41)
DA:22,1
DA:33,1
DA:34,1
DA:36,1
DA:37,1
DA:42,1
DA:43,1
DA:44,1
DA:45,1
DA:46,1
DA:47,1
DA:48,1
DA:49,1
DA:50,1
DA:51,1
DA:55,1
DA:56,1
DA:57,0
DA:59,0
DA:60,0
DA:69,1
DA:70,0
DA:71,0
DA:73,0
DA:74,0
DA:75,0
DA:77,0
DA:78,0
DA:79,0
DA:80,0
DA:87,1
DA:88,0
DA:89,0
DA:90,0
DA:100,1
DA:101,1
DA:102,0
DA:104,0
DA:105,0
DA:111,1
DA:112,1
DA:113,1
DA:114,1
DA:115,1
DA:119,1
DA:123,0
DA:125,0
DA:126,0
DA:127,0
DA:133,0
DA:137,0
DA:141,0
DA:145,0
DA:149,0
DA:151,0
DA:152,0
DA:154,0
DA:159,0
DA:163,1
DA:164,1
DA:165,1
DA:167,1
DA:168,1
DA:169,0
DA:170,1
DA:171,0
DA:173,1
DA:177,1
DA:185,1
DA:187,1
DA:188,0
DA:189,0
DA:190,0
DA:191,0
DA:192,0
DA:194,0
DA:195,0
DA:199,1
DA:206,1
DA:207,0
DA:208,0
DA:211,0
DA:212,0
DA:214,0
DA:215,0
DA:222,0
DA:223,0
DA:224,0
DA:229,1
DA:233,1
DA:234,1
DA:236,1
DA:237,1
DA:239,1
DA:240,0
DA:241,0
DA:245,1
DA:246,0
DA:249,1
DA:250,1
DA:252,1
DA:253,0
DA:254,0
DA:255,0
DA:257,0
DA:261,1
DA:262,0
DA:264,0
DA:265,0
DA:266,0
DA:267,0
DA:269,0
DA:273,0
DA:274,0
DA:277,1
DA:279,1
DA:280,0
DA:281,0
DA:284,1
DA:285,1
DA:286,1
DA:290,0
DA:294,1
DA:298,1
DA:300,4
DA:301,4
DA:305,0
DA:306,0
DA:307,0
DA:310,0
DA:314,0
DA:320,1
LF:132
LH:60
BRDA:56,0,0,0
BRDA:56,0,1,1
BRDA:70,1,0,0
BRDA:70,1,1,0
BRDA:73,2,0,0
BRDA:73,2,1,0
BRDA:77,3,0,0
BRDA:77,3,1,0
BRDA:78,4,0,0
BRDA:78,4,1,0
BRDA:89,5,0,0
BRDA:89,5,1,0
BRDA:101,6,0,0
BRDA:101,6,1,1
BRDA:126,7,0,0
BRDA:126,7,1,0
BRDA:151,8,0,0
BRDA:151,8,1,0
BRDA:168,9,0,0
BRDA:168,9,1,1
BRDA:170,10,0,0
BRDA:170,10,1,1
BRDA:185,11,0,1
BRDA:188,12,0,0
BRDA:188,12,1,0
BRDA:189,13,0,0
BRDA:189,13,1,0
BRDA:191,14,0,0
BRDA:191,14,1,0
BRDA:194,15,0,0
BRDA:194,15,1,0
BRDA:207,16,0,0
BRDA:207,16,1,0
BRDA:214,17,0,0
BRDA:214,17,1,0
BRDA:222,18,0,0
BRDA:222,18,1,0
BRDA:240,19,0,0
BRDA:240,19,1,0
BRDA:253,20,0,0
BRDA:253,20,1,0
BRDA:265,21,0,0
BRDA:265,21,1,0
BRDA:279,22,0,0
BRDA:279,22,1,1
BRDA:301,23,0,0
BRDA:301,23,1,4
BRDA:305,24,0,0
BRDA:305,24,1,0
BRF:49
BRH:7
end_of_record
TN:
SF:src/utils/EventBus/index.ts
FN:5,(anonymous_0)
FN:9,(anonymous_1)
FN:17,(anonymous_2)
FN:23,(anonymous_3)
FN:26,(anonymous_4)
FN:31,(anonymous_5)
FNF:6
FNH:4
FNDA:2,(anonymous_0)
FNDA:5,(anonymous_1)
FNDA:0,(anonymous_2)
FNDA:0,(anonymous_3)
FNDA:2,(anonymous_4)
FNDA:2,(anonymous_5)
DA:6,2
DA:10,5
DA:11,5
DA:14,5
DA:18,0
DA:19,0
DA:22,0
DA:23,0
DA:27,2
DA:28,0
DA:31,2
DA:32,2
LF:12
LH:7
BRDA:10,0,0,5
BRDA:10,0,1,0
BRDA:18,1,0,0
BRDA:18,1,1,0
BRDA:27,2,0,0
BRDA:27,2,1,2
BRF:6
BRH:2
end_of_record
TN:
SF:src/utils/Store/index.ts
FN:88,(anonymous_0)
FN:93,(anonymous_1)
FN:99,(anonymous_2)
FN:104,(anonymous_3)
FN:108,(anonymous_4)
FN:112,(anonymous_5)
FN:119,(anonymous_6)
FN:129,(anonymous_7)
FN:136,(anonymous_8)
FN:146,(anonymous_9)
FNF:10
FNH:1
FNDA:1,(anonymous_0)
FNDA:0,(anonymous_1)
FNDA:0,(anonymous_2)
FNDA:0,(anonymous_3)
FNDA:0,(anonymous_4)
FNDA:0,(anonymous_5)
FNDA:0,(anonymous_6)
FNDA:0,(anonymous_7)
FNDA:0,(anonymous_8)
FNDA:0,(anonymous_9)
DA:82,1
DA:89,1
DA:90,1
DA:94,0
DA:96,0
DA:100,0
DA:101,0
DA:105,0
DA:109,0
DA:110,0
DA:112,0
DA:113,0
DA:116,0
DA:120,0
DA:122,0
DA:123,0
DA:125,0
DA:130,0
DA:131,0
DA:133,0
DA:137,0
DA:139,0
DA:140,0
DA:142,0
DA:147,0
DA:149,0
DA:150,0
DA:153,0
LF:28
LH:3
BRDA:109,0,0,0
BRDA:109,0,1,0
BRDA:122,1,0,0
BRDA:122,1,1,0
BRDA:139,2,0,0
BRDA:139,2,1,0
BRDA:149,3,0,0
BRDA:149,3,1,0
BRF:8
BRH:0
end_of_record
